{"/Users/mital/Documents/Programming/Github/visualizers/src/App.js": {"path":"/Users/mital/Documents/Programming/Github/visualizers/src/App.js","statementMap":{"0":{"start":{"line":9,"column":2},"end":{"line":51,"column":3}}},"fnMap":{"0":{"name":"App","decl":{"start":{"line":8,"column":9},"end":{"line":8,"column":12}},"loc":{"start":{"line":8,"column":15},"end":{"line":52,"column":1}},"line":8}},"branchMap":{},"s":{"0":1},"f":{"0":1},"b":{},"_coverageSchema":"43e27e138ebf9cfc5966b082cf9a028302ed4184","hash":"235a3b41c96a45f982a98306a2df2761588e3a85"}
,"/Users/mital/Documents/Programming/Github/visualizers/src/index.js": {"path":"/Users/mital/Documents/Programming/Github/visualizers/src/index.js","statementMap":{"0":{"start":{"line":20,"column":0},"end":{"line":20,"column":27}}},"fnMap":{},"branchMap":{},"s":{"0":0},"f":{},"b":{},"hash":"ad35b27d2125c65e6fa97339c5496a2ab3c36a28"}
,"/Users/mital/Documents/Programming/Github/visualizers/src/serviceWorker.js": {"path":"/Users/mital/Documents/Programming/Github/visualizers/src/serviceWorker.js","statementMap":{"0":{"start":{"line":13,"column":20},"end":{"line":21,"column":1}},"1":{"start":{"line":24,"column":2},"end":{"line":54,"column":3}},"2":{"start":{"line":26,"column":22},"end":{"line":26,"column":75}},"3":{"start":{"line":27,"column":4},"end":{"line":32,"column":5}},"4":{"start":{"line":31,"column":6},"end":{"line":31,"column":13}},"5":{"start":{"line":34,"column":4},"end":{"line":53,"column":7}},"6":{"start":{"line":35,"column":20},"end":{"line":35,"column":65}},"7":{"start":{"line":37,"column":6},"end":{"line":52,"column":7}},"8":{"start":{"line":39,"column":8},"end":{"line":39,"column":47}},"9":{"start":{"line":43,"column":8},"end":{"line":48,"column":11}},"10":{"start":{"line":44,"column":10},"end":{"line":47,"column":12}},"11":{"start":{"line":51,"column":8},"end":{"line":51,"column":39}},"12":{"start":{"line":58,"column":2},"end":{"line":98,"column":7}},"13":{"start":{"line":61,"column":6},"end":{"line":94,"column":8}},"14":{"start":{"line":62,"column":33},"end":{"line":62,"column":56}},"15":{"start":{"line":63,"column":8},"end":{"line":65,"column":9}},"16":{"start":{"line":64,"column":10},"end":{"line":64,"column":17}},"17":{"start":{"line":66,"column":8},"end":{"line":93,"column":10}},"18":{"start":{"line":67,"column":10},"end":{"line":92,"column":11}},"19":{"start":{"line":68,"column":12},"end":{"line":91,"column":13}},"20":{"start":{"line":72,"column":14},"end":{"line":75,"column":16}},"21":{"start":{"line":78,"column":14},"end":{"line":80,"column":15}},"22":{"start":{"line":79,"column":16},"end":{"line":79,"column":46}},"23":{"start":{"line":85,"column":14},"end":{"line":85,"column":64}},"24":{"start":{"line":88,"column":14},"end":{"line":90,"column":15}},"25":{"start":{"line":89,"column":16},"end":{"line":89,"column":47}},"26":{"start":{"line":97,"column":6},"end":{"line":97,"column":72}},"27":{"start":{"line":103,"column":2},"end":{"line":128,"column":7}},"28":{"start":{"line":108,"column":26},"end":{"line":108,"column":62}},"29":{"start":{"line":109,"column":6},"end":{"line":122,"column":7}},"30":{"start":{"line":114,"column":8},"end":{"line":118,"column":11}},"31":{"start":{"line":115,"column":10},"end":{"line":117,"column":13}},"32":{"start":{"line":116,"column":12},"end":{"line":116,"column":37}},"33":{"start":{"line":121,"column":8},"end":{"line":121,"column":39}},"34":{"start":{"line":125,"column":6},"end":{"line":127,"column":8}},"35":{"start":{"line":132,"column":2},"end":{"line":140,"column":3}},"36":{"start":{"line":133,"column":4},"end":{"line":139,"column":9}},"37":{"start":{"line":135,"column":8},"end":{"line":135,"column":34}},"38":{"start":{"line":138,"column":8},"end":{"line":138,"column":37}}},"fnMap":{"0":{"name":"register","decl":{"start":{"line":23,"column":16},"end":{"line":23,"column":24}},"loc":{"start":{"line":23,"column":33},"end":{"line":55,"column":1}},"line":23},"1":{"name":"(anonymous_1)","decl":{"start":{"line":34,"column":36},"end":{"line":34,"column":37}},"loc":{"start":{"line":34,"column":42},"end":{"line":53,"column":5}},"line":34},"2":{"name":"(anonymous_2)","decl":{"start":{"line":43,"column":43},"end":{"line":43,"column":44}},"loc":{"start":{"line":43,"column":49},"end":{"line":48,"column":9}},"line":43},"3":{"name":"registerValidSW","decl":{"start":{"line":57,"column":9},"end":{"line":57,"column":24}},"loc":{"start":{"line":57,"column":40},"end":{"line":99,"column":1}},"line":57},"4":{"name":"(anonymous_4)","decl":{"start":{"line":60,"column":10},"end":{"line":60,"column":11}},"loc":{"start":{"line":60,"column":26},"end":{"line":95,"column":5}},"line":60},"5":{"name":"(anonymous_5)","decl":{"start":{"line":61,"column":35},"end":{"line":61,"column":36}},"loc":{"start":{"line":61,"column":41},"end":{"line":94,"column":7}},"line":61},"6":{"name":"(anonymous_6)","decl":{"start":{"line":66,"column":41},"end":{"line":66,"column":42}},"loc":{"start":{"line":66,"column":47},"end":{"line":93,"column":9}},"line":66},"7":{"name":"(anonymous_7)","decl":{"start":{"line":96,"column":11},"end":{"line":96,"column":12}},"loc":{"start":{"line":96,"column":20},"end":{"line":98,"column":5}},"line":96},"8":{"name":"checkValidServiceWorker","decl":{"start":{"line":101,"column":9},"end":{"line":101,"column":32}},"loc":{"start":{"line":101,"column":48},"end":{"line":129,"column":1}},"line":101},"9":{"name":"(anonymous_9)","decl":{"start":{"line":106,"column":10},"end":{"line":106,"column":11}},"loc":{"start":{"line":106,"column":22},"end":{"line":123,"column":5}},"line":106},"10":{"name":"(anonymous_10)","decl":{"start":{"line":114,"column":43},"end":{"line":114,"column":44}},"loc":{"start":{"line":114,"column":59},"end":{"line":118,"column":9}},"line":114},"11":{"name":"(anonymous_11)","decl":{"start":{"line":115,"column":41},"end":{"line":115,"column":42}},"loc":{"start":{"line":115,"column":47},"end":{"line":117,"column":11}},"line":115},"12":{"name":"(anonymous_12)","decl":{"start":{"line":124,"column":11},"end":{"line":124,"column":12}},"loc":{"start":{"line":124,"column":17},"end":{"line":128,"column":5}},"line":124},"13":{"name":"unregister","decl":{"start":{"line":131,"column":16},"end":{"line":131,"column":26}},"loc":{"start":{"line":131,"column":29},"end":{"line":141,"column":1}},"line":131},"14":{"name":"(anonymous_14)","decl":{"start":{"line":134,"column":12},"end":{"line":134,"column":13}},"loc":{"start":{"line":134,"column":28},"end":{"line":136,"column":7}},"line":134},"15":{"name":"(anonymous_15)","decl":{"start":{"line":137,"column":13},"end":{"line":137,"column":14}},"loc":{"start":{"line":137,"column":22},"end":{"line":139,"column":7}},"line":137}},"branchMap":{"0":{"loc":{"start":{"line":14,"column":2},"end":{"line":20,"column":5}},"type":"binary-expr","locations":[{"start":{"line":14,"column":2},"end":{"line":14,"column":42}},{"start":{"line":16,"column":4},"end":{"line":16,"column":40}},{"start":{"line":18,"column":4},"end":{"line":20,"column":5}}],"line":14},"1":{"loc":{"start":{"line":24,"column":2},"end":{"line":54,"column":3}},"type":"if","locations":[{"start":{"line":24,"column":2},"end":{"line":54,"column":3}},{"start":{"line":24,"column":2},"end":{"line":54,"column":3}}],"line":24},"2":{"loc":{"start":{"line":24,"column":6},"end":{"line":24,"column":75}},"type":"binary-expr","locations":[{"start":{"line":24,"column":6},"end":{"line":24,"column":43}},{"start":{"line":24,"column":47},"end":{"line":24,"column":75}}],"line":24},"3":{"loc":{"start":{"line":27,"column":4},"end":{"line":32,"column":5}},"type":"if","locations":[{"start":{"line":27,"column":4},"end":{"line":32,"column":5}},{"start":{"line":27,"column":4},"end":{"line":32,"column":5}}],"line":27},"4":{"loc":{"start":{"line":37,"column":6},"end":{"line":52,"column":7}},"type":"if","locations":[{"start":{"line":37,"column":6},"end":{"line":52,"column":7}},{"start":{"line":37,"column":6},"end":{"line":52,"column":7}}],"line":37},"5":{"loc":{"start":{"line":63,"column":8},"end":{"line":65,"column":9}},"type":"if","locations":[{"start":{"line":63,"column":8},"end":{"line":65,"column":9}},{"start":{"line":63,"column":8},"end":{"line":65,"column":9}}],"line":63},"6":{"loc":{"start":{"line":67,"column":10},"end":{"line":92,"column":11}},"type":"if","locations":[{"start":{"line":67,"column":10},"end":{"line":92,"column":11}},{"start":{"line":67,"column":10},"end":{"line":92,"column":11}}],"line":67},"7":{"loc":{"start":{"line":68,"column":12},"end":{"line":91,"column":13}},"type":"if","locations":[{"start":{"line":68,"column":12},"end":{"line":91,"column":13}},{"start":{"line":68,"column":12},"end":{"line":91,"column":13}}],"line":68},"8":{"loc":{"start":{"line":78,"column":14},"end":{"line":80,"column":15}},"type":"if","locations":[{"start":{"line":78,"column":14},"end":{"line":80,"column":15}},{"start":{"line":78,"column":14},"end":{"line":80,"column":15}}],"line":78},"9":{"loc":{"start":{"line":78,"column":18},"end":{"line":78,"column":43}},"type":"binary-expr","locations":[{"start":{"line":78,"column":18},"end":{"line":78,"column":24}},{"start":{"line":78,"column":28},"end":{"line":78,"column":43}}],"line":78},"10":{"loc":{"start":{"line":88,"column":14},"end":{"line":90,"column":15}},"type":"if","locations":[{"start":{"line":88,"column":14},"end":{"line":90,"column":15}},{"start":{"line":88,"column":14},"end":{"line":90,"column":15}}],"line":88},"11":{"loc":{"start":{"line":88,"column":18},"end":{"line":88,"column":44}},"type":"binary-expr","locations":[{"start":{"line":88,"column":18},"end":{"line":88,"column":24}},{"start":{"line":88,"column":28},"end":{"line":88,"column":44}}],"line":88},"12":{"loc":{"start":{"line":109,"column":6},"end":{"line":122,"column":7}},"type":"if","locations":[{"start":{"line":109,"column":6},"end":{"line":122,"column":7}},{"start":{"line":109,"column":6},"end":{"line":122,"column":7}}],"line":109},"13":{"loc":{"start":{"line":110,"column":8},"end":{"line":111,"column":73}},"type":"binary-expr","locations":[{"start":{"line":110,"column":8},"end":{"line":110,"column":31}},{"start":{"line":111,"column":9},"end":{"line":111,"column":28}},{"start":{"line":111,"column":32},"end":{"line":111,"column":72}}],"line":110},"14":{"loc":{"start":{"line":132,"column":2},"end":{"line":140,"column":3}},"type":"if","locations":[{"start":{"line":132,"column":2},"end":{"line":140,"column":3}},{"start":{"line":132,"column":2},"end":{"line":140,"column":3}}],"line":132}},"s":{"0":0,"1":0,"2":0,"3":0,"4":0,"5":0,"6":0,"7":0,"8":0,"9":0,"10":0,"11":0,"12":0,"13":0,"14":0,"15":0,"16":0,"17":0,"18":0,"19":0,"20":0,"21":0,"22":0,"23":0,"24":0,"25":0,"26":0,"27":0,"28":0,"29":0,"30":0,"31":0,"32":0,"33":0,"34":0,"35":0,"36":0,"37":0,"38":0},"f":{"0":0,"1":0,"2":0,"3":0,"4":0,"5":0,"6":0,"7":0,"8":0,"9":0,"10":0,"11":0,"12":0,"13":0,"14":0,"15":0},"b":{"0":[0,0,0],"1":[0,0],"2":[0,0],"3":[0,0],"4":[0,0],"5":[0,0],"6":[0,0],"7":[0,0],"8":[0,0],"9":[0,0],"10":[0,0],"11":[0,0],"12":[0,0],"13":[0,0,0],"14":[0,0]},"hash":"547f57c1156508e7b14d207e0f22b9798388dd3d"}
,"/Users/mital/Documents/Programming/Github/visualizers/src/Cells/Cell.jsx": {"path":"/Users/mital/Documents/Programming/Github/visualizers/src/Cells/Cell.jsx","statementMap":{"0":{"start":{"line":6,"column":93},"end":{"line":6,"column":103}},"1":{"start":{"line":7,"column":32},"end":{"line":7,"column":105}},"2":{"start":{"line":8,"column":8},"end":{"line":17,"column":10}},"3":{"start":{"line":13,"column":35},"end":{"line":13,"column":56}},"4":{"start":{"line":14,"column":36},"end":{"line":14,"column":58}},"5":{"start":{"line":15,"column":33},"end":{"line":15,"column":52}}},"fnMap":{"0":{"name":"(anonymous_0)","decl":{"start":{"line":5,"column":4},"end":{"line":5,"column":5}},"loc":{"start":{"line":5,"column":13},"end":{"line":18,"column":5}},"line":5},"1":{"name":"(anonymous_1)","decl":{"start":{"line":13,"column":29},"end":{"line":13,"column":30}},"loc":{"start":{"line":13,"column":35},"end":{"line":13,"column":56}},"line":13},"2":{"name":"(anonymous_2)","decl":{"start":{"line":14,"column":30},"end":{"line":14,"column":31}},"loc":{"start":{"line":14,"column":36},"end":{"line":14,"column":58}},"line":14},"3":{"name":"(anonymous_3)","decl":{"start":{"line":15,"column":27},"end":{"line":15,"column":28}},"loc":{"start":{"line":15,"column":33},"end":{"line":15,"column":52}},"line":15}},"branchMap":{"0":{"loc":{"start":{"line":7,"column":32},"end":{"line":7,"column":105}},"type":"cond-expr","locations":[{"start":{"line":7,"column":42},"end":{"line":7,"column":52}},{"start":{"line":7,"column":55},"end":{"line":7,"column":105}}],"line":7},"1":{"loc":{"start":{"line":7,"column":55},"end":{"line":7,"column":105}},"type":"cond-expr","locations":[{"start":{"line":7,"column":67},"end":{"line":7,"column":79}},{"start":{"line":7,"column":82},"end":{"line":7,"column":105}}],"line":7},"2":{"loc":{"start":{"line":7,"column":82},"end":{"line":7,"column":105}},"type":"cond-expr","locations":[{"start":{"line":7,"column":89},"end":{"line":7,"column":100}},{"start":{"line":7,"column":103},"end":{"line":7,"column":105}}],"line":7}},"s":{"0":0,"1":0,"2":0,"3":0,"4":0,"5":0},"f":{"0":0,"1":0,"2":0,"3":0},"b":{"0":[0,0],"1":[0,0],"2":[0,0]},"_coverageSchema":"43e27e138ebf9cfc5966b082cf9a028302ed4184","hash":"adeb6b6cbf64c89933312f4c756aab719d06c85f"}
,"/Users/mital/Documents/Programming/Github/visualizers/src/Pathfinding/Pathfinding.jsx": {"path":"/Users/mital/Documents/Programming/Github/visualizers/src/Pathfinding/Pathfinding.jsx","statementMap":{"0":{"start":{"line":15,"column":17},"end":{"line":15,"column":27}},"1":{"start":{"line":16,"column":20},"end":{"line":16,"column":24}},"2":{"start":{"line":17,"column":43},"end":{"line":17,"column":49}},"3":{"start":{"line":20,"column":8},"end":{"line":20,"column":21}},"4":{"start":{"line":21,"column":8},"end":{"line":47,"column":9}},"5":{"start":{"line":51,"column":21},"end":{"line":51,"column":38}},"6":{"start":{"line":52,"column":8},"end":{"line":52,"column":38}},"7":{"start":{"line":55,"column":15},"end":{"line":59,"column":5}},"8":{"start":{"line":56,"column":8},"end":{"line":58,"column":11}},"9":{"start":{"line":61,"column":17},"end":{"line":71,"column":5}},"10":{"start":{"line":62,"column":21},"end":{"line":62,"column":23}},"11":{"start":{"line":63,"column":8},"end":{"line":69,"column":9}},"12":{"start":{"line":63,"column":23},"end":{"line":63,"column":24}},"13":{"start":{"line":64,"column":31},"end":{"line":64,"column":33}},"14":{"start":{"line":65,"column":12},"end":{"line":67,"column":13}},"15":{"start":{"line":65,"column":27},"end":{"line":65,"column":28}},"16":{"start":{"line":66,"column":16},"end":{"line":66,"column":59}},"17":{"start":{"line":68,"column":12},"end":{"line":68,"column":34}},"18":{"start":{"line":70,"column":8},"end":{"line":70,"column":20}},"19":{"start":{"line":73,"column":17},"end":{"line":78,"column":5}},"20":{"start":{"line":74,"column":8},"end":{"line":77,"column":9}},"21":{"start":{"line":80,"column":17},"end":{"line":89,"column":5}},"22":{"start":{"line":81,"column":24},"end":{"line":81,"column":36}},"23":{"start":{"line":82,"column":21},"end":{"line":82,"column":52}},"24":{"start":{"line":83,"column":24},"end":{"line":86,"column":9}},"25":{"start":{"line":87,"column":8},"end":{"line":87,"column":36}},"26":{"start":{"line":88,"column":8},"end":{"line":88,"column":23}},"27":{"start":{"line":91,"column":14},"end":{"line":94,"column":5}},"28":{"start":{"line":92,"column":21},"end":{"line":92,"column":35}},"29":{"start":{"line":93,"column":8},"end":{"line":93,"column":20}},"30":{"start":{"line":96,"column":14},"end":{"line":109,"column":5}},"31":{"start":{"line":97,"column":16},"end":{"line":97,"column":17}},"32":{"start":{"line":98,"column":8},"end":{"line":107,"column":9}},"33":{"start":{"line":99,"column":12},"end":{"line":105,"column":13}},"34":{"start":{"line":99,"column":26},"end":{"line":99,"column":27}},"35":{"start":{"line":100,"column":16},"end":{"line":104,"column":17}},"36":{"start":{"line":100,"column":30},"end":{"line":100,"column":31}},"37":{"start":{"line":101,"column":20},"end":{"line":103,"column":21}},"38":{"start":{"line":102,"column":24},"end":{"line":102,"column":51}},"39":{"start":{"line":106,"column":12},"end":{"line":106,"column":16}},"40":{"start":{"line":108,"column":8},"end":{"line":108,"column":20}},"41":{"start":{"line":112,"column":108},"end":{"line":112,"column":118}},"42":{"start":{"line":113,"column":22},"end":{"line":113,"column":50}},"43":{"start":{"line":114,"column":8},"end":{"line":127,"column":9}},"44":{"start":{"line":115,"column":12},"end":{"line":115,"column":49}},"45":{"start":{"line":116,"column":15},"end":{"line":127,"column":9}},"46":{"start":{"line":117,"column":12},"end":{"line":117,"column":47}},"47":{"start":{"line":118,"column":15},"end":{"line":127,"column":9}},"48":{"start":{"line":120,"column":12},"end":{"line":120,"column":101}},"49":{"start":{"line":121,"column":12},"end":{"line":121,"column":32}},"50":{"start":{"line":122,"column":15},"end":{"line":127,"column":9}},"51":{"start":{"line":124,"column":12},"end":{"line":124,"column":104}},"52":{"start":{"line":125,"column":12},"end":{"line":125,"column":33}},"53":{"start":{"line":126,"column":12},"end":{"line":126,"column":51}},"54":{"start":{"line":128,"column":8},"end":{"line":128,"column":58}},"55":{"start":{"line":133,"column":182},"end":{"line":133,"column":192}},"56":{"start":{"line":134,"column":22},"end":{"line":134,"column":50}},"57":{"start":{"line":137,"column":8},"end":{"line":164,"column":9}},"58":{"start":{"line":138,"column":12},"end":{"line":138,"column":121}},"59":{"start":{"line":139,"column":12},"end":{"line":139,"column":75}},"60":{"start":{"line":140,"column":12},"end":{"line":140,"column":85}},"61":{"start":{"line":141,"column":12},"end":{"line":141,"column":102}},"62":{"start":{"line":145,"column":14},"end":{"line":164,"column":9}},"63":{"start":{"line":146,"column":12},"end":{"line":146,"column":115}},"64":{"start":{"line":147,"column":12},"end":{"line":147,"column":71}},"65":{"start":{"line":148,"column":12},"end":{"line":148,"column":77}},"66":{"start":{"line":149,"column":12},"end":{"line":149,"column":100}},"67":{"start":{"line":152,"column":15},"end":{"line":164,"column":9}},"68":{"start":{"line":153,"column":12},"end":{"line":163,"column":13}},"69":{"start":{"line":154,"column":19},"end":{"line":163,"column":13}},"70":{"start":{"line":155,"column":19},"end":{"line":163,"column":13}},"71":{"start":{"line":156,"column":16},"end":{"line":159,"column":17}},"72":{"start":{"line":157,"column":20},"end":{"line":157,"column":112}},"73":{"start":{"line":158,"column":20},"end":{"line":158,"column":41}},"74":{"start":{"line":161,"column":16},"end":{"line":161,"column":105}},"75":{"start":{"line":162,"column":16},"end":{"line":162,"column":36}},"76":{"start":{"line":170,"column":134},"end":{"line":170,"column":144}},"77":{"start":{"line":171,"column":22},"end":{"line":171,"column":50}},"78":{"start":{"line":173,"column":8},"end":{"line":186,"column":9}},"79":{"start":{"line":174,"column":12},"end":{"line":174,"column":59}},"80":{"start":{"line":175,"column":15},"end":{"line":186,"column":9}},"81":{"start":{"line":176,"column":15},"end":{"line":186,"column":9}},"82":{"start":{"line":177,"column":12},"end":{"line":185,"column":13}},"83":{"start":{"line":178,"column":19},"end":{"line":185,"column":13}},"84":{"start":{"line":179,"column":19},"end":{"line":185,"column":13}},"85":{"start":{"line":180,"column":16},"end":{"line":180,"column":108}},"86":{"start":{"line":181,"column":16},"end":{"line":181,"column":44}},"87":{"start":{"line":183,"column":16},"end":{"line":183,"column":105}},"88":{"start":{"line":184,"column":16},"end":{"line":184,"column":43}},"89":{"start":{"line":187,"column":8},"end":{"line":187,"column":121}},"90":{"start":{"line":188,"column":8},"end":{"line":188,"column":26}},"91":{"start":{"line":192,"column":61},"end":{"line":192,"column":71}},"92":{"start":{"line":193,"column":8},"end":{"line":216,"column":9}},"93":{"start":{"line":194,"column":26},"end":{"line":194,"column":28}},"94":{"start":{"line":195,"column":12},"end":{"line":214,"column":13}},"95":{"start":{"line":195,"column":26},"end":{"line":195,"column":27}},"96":{"start":{"line":196,"column":33},"end":{"line":196,"column":35}},"97":{"start":{"line":197,"column":16},"end":{"line":212,"column":17}},"98":{"start":{"line":197,"column":30},"end":{"line":197,"column":31}},"99":{"start":{"line":198,"column":31},"end":{"line":198,"column":70}},"100":{"start":{"line":199,"column":20},"end":{"line":199,"column":38}},"101":{"start":{"line":200,"column":20},"end":{"line":200,"column":41}},"102":{"start":{"line":201,"column":20},"end":{"line":201,"column":43}},"103":{"start":{"line":202,"column":20},"end":{"line":202,"column":41}},"104":{"start":{"line":203,"column":20},"end":{"line":203,"column":94}},"105":{"start":{"line":204,"column":20},"end":{"line":210,"column":21}},"106":{"start":{"line":205,"column":24},"end":{"line":205,"column":46}},"107":{"start":{"line":206,"column":24},"end":{"line":206,"column":108}},"108":{"start":{"line":207,"column":27},"end":{"line":210,"column":21}},"109":{"start":{"line":208,"column":24},"end":{"line":208,"column":44}},"110":{"start":{"line":209,"column":24},"end":{"line":209,"column":106}},"111":{"start":{"line":211,"column":20},"end":{"line":211,"column":42}},"112":{"start":{"line":213,"column":16},"end":{"line":213,"column":41}},"113":{"start":{"line":215,"column":12},"end":{"line":215,"column":250}},"114":{"start":{"line":221,"column":24},"end":{"line":221,"column":26}},"115":{"start":{"line":224,"column":8},"end":{"line":230,"column":9}},"116":{"start":{"line":224,"column":20},"end":{"line":224,"column":27}},"117":{"start":{"line":225,"column":12},"end":{"line":229,"column":14}},"118":{"start":{"line":233,"column":8},"end":{"line":239,"column":9}},"119":{"start":{"line":233,"column":20},"end":{"line":233,"column":21}},"120":{"start":{"line":234,"column":12},"end":{"line":238,"column":14}},"121":{"start":{"line":242,"column":8},"end":{"line":248,"column":9}},"122":{"start":{"line":242,"column":20},"end":{"line":242,"column":21}},"123":{"start":{"line":243,"column":12},"end":{"line":247,"column":14}},"124":{"start":{"line":251,"column":8},"end":{"line":257,"column":9}},"125":{"start":{"line":251,"column":20},"end":{"line":251,"column":27}},"126":{"start":{"line":252,"column":12},"end":{"line":256,"column":14}},"127":{"start":{"line":258,"column":8},"end":{"line":258,"column":25}},"128":{"start":{"line":262,"column":25},"end":{"line":262,"column":35}},"129":{"start":{"line":263,"column":22},"end":{"line":263,"column":24}},"130":{"start":{"line":264,"column":8},"end":{"line":274,"column":9}},"131":{"start":{"line":264,"column":22},"end":{"line":264,"column":23}},"132":{"start":{"line":265,"column":29},"end":{"line":265,"column":31}},"133":{"start":{"line":266,"column":12},"end":{"line":272,"column":13}},"134":{"start":{"line":266,"column":26},"end":{"line":266,"column":27}},"135":{"start":{"line":267,"column":27},"end":{"line":267,"column":52}},"136":{"start":{"line":268,"column":16},"end":{"line":270,"column":17}},"137":{"start":{"line":269,"column":20},"end":{"line":269,"column":37}},"138":{"start":{"line":271,"column":16},"end":{"line":271,"column":38}},"139":{"start":{"line":273,"column":12},"end":{"line":273,"column":37}},"140":{"start":{"line":276,"column":8},"end":{"line":276,"column":40}},"141":{"start":{"line":282,"column":61},"end":{"line":282,"column":71}},"142":{"start":{"line":283,"column":20},"end":{"line":283,"column":44}},"143":{"start":{"line":284,"column":18},"end":{"line":284,"column":38}},"144":{"start":{"line":285,"column":22},"end":{"line":285,"column":24}},"145":{"start":{"line":287,"column":8},"end":{"line":300,"column":9}},"146":{"start":{"line":289,"column":16},"end":{"line":289,"column":53}},"147":{"start":{"line":290,"column":16},"end":{"line":290,"column":52}},"148":{"start":{"line":291,"column":16},"end":{"line":291,"column":60}},"149":{"start":{"line":292,"column":16},"end":{"line":292,"column":22}},"150":{"start":{"line":294,"column":16},"end":{"line":294,"column":50}},"151":{"start":{"line":295,"column":16},"end":{"line":295,"column":50}},"152":{"start":{"line":296,"column":16},"end":{"line":296,"column":22}},"153":{"start":{"line":298,"column":16},"end":{"line":298,"column":51}},"154":{"start":{"line":299,"column":16},"end":{"line":299,"column":22}},"155":{"start":{"line":304,"column":43},"end":{"line":304,"column":53}},"156":{"start":{"line":305,"column":24},"end":{"line":305,"column":58}},"157":{"start":{"line":307,"column":22},"end":{"line":307,"column":24}},"158":{"start":{"line":308,"column":8},"end":{"line":320,"column":9}},"159":{"start":{"line":310,"column":16},"end":{"line":310,"column":69}},"160":{"start":{"line":311,"column":16},"end":{"line":311,"column":22}},"161":{"start":{"line":313,"column":16},"end":{"line":313,"column":85}},"162":{"start":{"line":314,"column":16},"end":{"line":314,"column":22}},"163":{"start":{"line":316,"column":16},"end":{"line":316,"column":49}},"164":{"start":{"line":317,"column":16},"end":{"line":317,"column":22}},"165":{"start":{"line":319,"column":16},"end":{"line":319,"column":46}},"166":{"start":{"line":322,"column":23},"end":{"line":322,"column":67}},"167":{"start":{"line":323,"column":8},"end":{"line":327,"column":26}},"168":{"start":{"line":324,"column":12},"end":{"line":324,"column":69}},"169":{"start":{"line":325,"column":12},"end":{"line":325,"column":44}},"170":{"start":{"line":326,"column":12},"end":{"line":326,"column":48}},"171":{"start":{"line":334,"column":8},"end":{"line":339,"column":9}},"172":{"start":{"line":334,"column":21},"end":{"line":334,"column":22}},"173":{"start":{"line":335,"column":12},"end":{"line":338,"column":23}},"174":{"start":{"line":336,"column":29},"end":{"line":336,"column":44}},"175":{"start":{"line":337,"column":16},"end":{"line":337,"column":108}},"176":{"start":{"line":340,"column":22},"end":{"line":340,"column":59}},"177":{"start":{"line":341,"column":8},"end":{"line":343,"column":9}},"178":{"start":{"line":342,"column":12},"end":{"line":342,"column":47}},"179":{"start":{"line":344,"column":8},"end":{"line":344,"column":75}},"180":{"start":{"line":349,"column":8},"end":{"line":360,"column":9}},"181":{"start":{"line":349,"column":21},"end":{"line":349,"column":22}},"182":{"start":{"line":350,"column":12},"end":{"line":355,"column":13}},"183":{"start":{"line":351,"column":16},"end":{"line":353,"column":27}},"184":{"start":{"line":352,"column":20},"end":{"line":352,"column":59}},"185":{"start":{"line":354,"column":16},"end":{"line":354,"column":23}},"186":{"start":{"line":356,"column":12},"end":{"line":359,"column":23}},"187":{"start":{"line":357,"column":29},"end":{"line":357,"column":39}},"188":{"start":{"line":358,"column":16},"end":{"line":358,"column":102}},"189":{"start":{"line":366,"column":8},"end":{"line":373,"column":9}},"190":{"start":{"line":366,"column":20},"end":{"line":366,"column":21}},"191":{"start":{"line":367,"column":25},"end":{"line":367,"column":35}},"192":{"start":{"line":368,"column":12},"end":{"line":372,"column":13}},"193":{"start":{"line":369,"column":16},"end":{"line":371,"column":27}},"194":{"start":{"line":370,"column":20},"end":{"line":370,"column":103}},"195":{"start":{"line":374,"column":8},"end":{"line":374,"column":17}},"196":{"start":{"line":377,"column":17},"end":{"line":379,"column":5}},"197":{"start":{"line":378,"column":8},"end":{"line":378,"column":37}},"198":{"start":{"line":382,"column":25},"end":{"line":382,"column":35}},"199":{"start":{"line":383,"column":8},"end":{"line":469,"column":11}},"200":{"start":{"line":403,"column":70},"end":{"line":403,"column":118}},"201":{"start":{"line":419,"column":174},"end":{"line":419,"column":214}},"202":{"start":{"line":419,"column":215},"end":{"line":419,"column":268}},"203":{"start":{"line":429,"column":133},"end":{"line":429,"column":156}},"204":{"start":{"line":438,"column":36},"end":{"line":459,"column":38}},"205":{"start":{"line":441,"column":115},"end":{"line":441,"column":119}},"206":{"start":{"line":442,"column":48},"end":{"line":456,"column":50}},"207":{"start":{"line":452,"column":83},"end":{"line":452,"column":113}},"208":{"start":{"line":453,"column":84},"end":{"line":453,"column":115}},"209":{"start":{"line":454,"column":81},"end":{"line":454,"column":109}}},"fnMap":{"0":{"name":"(anonymous_0)","decl":{"start":{"line":19,"column":4},"end":{"line":19,"column":5}},"loc":{"start":{"line":19,"column":23},"end":{"line":48,"column":5}},"line":19},"1":{"name":"(anonymous_1)","decl":{"start":{"line":50,"column":4},"end":{"line":50,"column":5}},"loc":{"start":{"line":50,"column":24},"end":{"line":53,"column":5}},"line":50},"2":{"name":"(anonymous_2)","decl":{"start":{"line":55,"column":15},"end":{"line":55,"column":16}},"loc":{"start":{"line":55,"column":20},"end":{"line":59,"column":5}},"line":55},"3":{"name":"(anonymous_3)","decl":{"start":{"line":61,"column":17},"end":{"line":61,"column":18}},"loc":{"start":{"line":61,"column":23},"end":{"line":71,"column":5}},"line":61},"4":{"name":"(anonymous_4)","decl":{"start":{"line":73,"column":17},"end":{"line":73,"column":18}},"loc":{"start":{"line":73,"column":31},"end":{"line":78,"column":5}},"line":73},"5":{"name":"(anonymous_5)","decl":{"start":{"line":80,"column":17},"end":{"line":80,"column":18}},"loc":{"start":{"line":80,"column":37},"end":{"line":89,"column":5}},"line":80},"6":{"name":"(anonymous_6)","decl":{"start":{"line":91,"column":14},"end":{"line":91,"column":15}},"loc":{"start":{"line":91,"column":34},"end":{"line":94,"column":5}},"line":91},"7":{"name":"(anonymous_7)","decl":{"start":{"line":96,"column":14},"end":{"line":96,"column":15}},"loc":{"start":{"line":96,"column":31},"end":{"line":109,"column":5}},"line":96},"8":{"name":"(anonymous_8)","decl":{"start":{"line":111,"column":4},"end":{"line":111,"column":5}},"loc":{"start":{"line":111,"column":30},"end":{"line":130,"column":5}},"line":111},"9":{"name":"(anonymous_9)","decl":{"start":{"line":132,"column":4},"end":{"line":132,"column":5}},"loc":{"start":{"line":132,"column":31},"end":{"line":166,"column":5}},"line":132},"10":{"name":"(anonymous_10)","decl":{"start":{"line":169,"column":4},"end":{"line":169,"column":5}},"loc":{"start":{"line":169,"column":28},"end":{"line":189,"column":5}},"line":169},"11":{"name":"(anonymous_11)","decl":{"start":{"line":191,"column":4},"end":{"line":191,"column":5}},"loc":{"start":{"line":191,"column":23},"end":{"line":217,"column":5}},"line":191},"12":{"name":"(anonymous_12)","decl":{"start":{"line":219,"column":4},"end":{"line":219,"column":5}},"loc":{"start":{"line":219,"column":25},"end":{"line":259,"column":5}},"line":219},"13":{"name":"(anonymous_13)","decl":{"start":{"line":261,"column":4},"end":{"line":261,"column":5}},"loc":{"start":{"line":261,"column":16},"end":{"line":277,"column":5}},"line":261},"14":{"name":"(anonymous_14)","decl":{"start":{"line":280,"column":4},"end":{"line":280,"column":5}},"loc":{"start":{"line":280,"column":34},"end":{"line":301,"column":5}},"line":280},"15":{"name":"(anonymous_15)","decl":{"start":{"line":303,"column":4},"end":{"line":303,"column":5}},"loc":{"start":{"line":303,"column":24},"end":{"line":329,"column":5}},"line":303},"16":{"name":"(anonymous_16)","decl":{"start":{"line":323,"column":19},"end":{"line":323,"column":20}},"loc":{"start":{"line":323,"column":25},"end":{"line":327,"column":9}},"line":323},"17":{"name":"(anonymous_17)","decl":{"start":{"line":333,"column":4},"end":{"line":333,"column":5}},"loc":{"start":{"line":333,"column":38},"end":{"line":345,"column":5}},"line":333},"18":{"name":"(anonymous_18)","decl":{"start":{"line":335,"column":23},"end":{"line":335,"column":24}},"loc":{"start":{"line":335,"column":29},"end":{"line":338,"column":13}},"line":335},"19":{"name":"(anonymous_19)","decl":{"start":{"line":348,"column":4},"end":{"line":348,"column":5}},"loc":{"start":{"line":348,"column":43},"end":{"line":363,"column":5}},"line":348},"20":{"name":"(anonymous_20)","decl":{"start":{"line":351,"column":27},"end":{"line":351,"column":28}},"loc":{"start":{"line":351,"column":33},"end":{"line":353,"column":17}},"line":351},"21":{"name":"(anonymous_21)","decl":{"start":{"line":356,"column":23},"end":{"line":356,"column":24}},"loc":{"start":{"line":356,"column":29},"end":{"line":359,"column":13}},"line":356},"22":{"name":"(anonymous_22)","decl":{"start":{"line":365,"column":4},"end":{"line":365,"column":5}},"loc":{"start":{"line":365,"column":25},"end":{"line":375,"column":5}},"line":365},"23":{"name":"(anonymous_23)","decl":{"start":{"line":369,"column":27},"end":{"line":369,"column":28}},"loc":{"start":{"line":369,"column":33},"end":{"line":371,"column":17}},"line":369},"24":{"name":"(anonymous_24)","decl":{"start":{"line":377,"column":17},"end":{"line":377,"column":18}},"loc":{"start":{"line":377,"column":30},"end":{"line":379,"column":5}},"line":377},"25":{"name":"(anonymous_25)","decl":{"start":{"line":381,"column":4},"end":{"line":381,"column":5}},"loc":{"start":{"line":381,"column":13},"end":{"line":470,"column":5}},"line":381},"26":{"name":"(anonymous_26)","decl":{"start":{"line":403,"column":64},"end":{"line":403,"column":65}},"loc":{"start":{"line":403,"column":70},"end":{"line":403,"column":118}},"line":403},"27":{"name":"(anonymous_27)","decl":{"start":{"line":419,"column":166},"end":{"line":419,"column":167}},"loc":{"start":{"line":419,"column":172},"end":{"line":419,"column":269}},"line":419},"28":{"name":"(anonymous_28)","decl":{"start":{"line":429,"column":126},"end":{"line":429,"column":127}},"loc":{"start":{"line":429,"column":132},"end":{"line":429,"column":158}},"line":429},"29":{"name":"(anonymous_29)","decl":{"start":{"line":437,"column":42},"end":{"line":437,"column":43}},"loc":{"start":{"line":437,"column":58},"end":{"line":460,"column":33}},"line":437},"30":{"name":"(anonymous_30)","decl":{"start":{"line":440,"column":53},"end":{"line":440,"column":54}},"loc":{"start":{"line":440,"column":71},"end":{"line":457,"column":45}},"line":440},"31":{"name":"(anonymous_31)","decl":{"start":{"line":452,"column":69},"end":{"line":452,"column":70}},"loc":{"start":{"line":452,"column":83},"end":{"line":452,"column":113}},"line":452},"32":{"name":"(anonymous_32)","decl":{"start":{"line":453,"column":70},"end":{"line":453,"column":71}},"loc":{"start":{"line":453,"column":84},"end":{"line":453,"column":115}},"line":453},"33":{"name":"(anonymous_33)","decl":{"start":{"line":454,"column":67},"end":{"line":454,"column":68}},"loc":{"start":{"line":454,"column":81},"end":{"line":454,"column":109}},"line":454}},"branchMap":{"0":{"loc":{"start":{"line":75,"column":33},"end":{"line":75,"column":91}},"type":"binary-expr","locations":[{"start":{"line":75,"column":33},"end":{"line":75,"column":60}},{"start":{"line":75,"column":64},"end":{"line":75,"column":91}}],"line":75},"1":{"loc":{"start":{"line":75,"column":102},"end":{"line":75,"column":156}},"type":"binary-expr","locations":[{"start":{"line":75,"column":102},"end":{"line":75,"column":127}},{"start":{"line":75,"column":131},"end":{"line":75,"column":156}}],"line":75},"2":{"loc":{"start":{"line":101,"column":20},"end":{"line":103,"column":21}},"type":"if","locations":[{"start":{"line":101,"column":20},"end":{"line":103,"column":21}},{"start":{"line":101,"column":20},"end":{"line":103,"column":21}}],"line":101},"3":{"loc":{"start":{"line":101,"column":23},"end":{"line":101,"column":89}},"type":"binary-expr","locations":[{"start":{"line":101,"column":23},"end":{"line":101,"column":54}},{"start":{"line":101,"column":58},"end":{"line":101,"column":89}}],"line":101},"4":{"loc":{"start":{"line":114,"column":8},"end":{"line":127,"column":9}},"type":"if","locations":[{"start":{"line":114,"column":8},"end":{"line":127,"column":9}},{"start":{"line":114,"column":8},"end":{"line":127,"column":9}}],"line":114},"5":{"loc":{"start":{"line":114,"column":11},"end":{"line":114,"column":63}},"type":"binary-expr","locations":[{"start":{"line":114,"column":11},"end":{"line":114,"column":35}},{"start":{"line":114,"column":39},"end":{"line":114,"column":63}}],"line":114},"6":{"loc":{"start":{"line":116,"column":15},"end":{"line":127,"column":9}},"type":"if","locations":[{"start":{"line":116,"column":15},"end":{"line":127,"column":9}},{"start":{"line":116,"column":15},"end":{"line":127,"column":9}}],"line":116},"7":{"loc":{"start":{"line":116,"column":18},"end":{"line":116,"column":66}},"type":"binary-expr","locations":[{"start":{"line":116,"column":18},"end":{"line":116,"column":40}},{"start":{"line":116,"column":44},"end":{"line":116,"column":66}}],"line":116},"8":{"loc":{"start":{"line":118,"column":15},"end":{"line":127,"column":9}},"type":"if","locations":[{"start":{"line":118,"column":15},"end":{"line":127,"column":9}},{"start":{"line":118,"column":15},"end":{"line":127,"column":9}}],"line":118},"9":{"loc":{"start":{"line":122,"column":15},"end":{"line":127,"column":9}},"type":"if","locations":[{"start":{"line":122,"column":15},"end":{"line":127,"column":9}},{"start":{"line":122,"column":15},"end":{"line":127,"column":9}}],"line":122},"10":{"loc":{"start":{"line":137,"column":8},"end":{"line":164,"column":9}},"type":"if","locations":[{"start":{"line":137,"column":8},"end":{"line":164,"column":9}},{"start":{"line":137,"column":8},"end":{"line":164,"column":9}}],"line":137},"11":{"loc":{"start":{"line":137,"column":11},"end":{"line":137,"column":54}},"type":"binary-expr","locations":[{"start":{"line":137,"column":11},"end":{"line":137,"column":29}},{"start":{"line":137,"column":33},"end":{"line":137,"column":54}}],"line":137},"12":{"loc":{"start":{"line":145,"column":14},"end":{"line":164,"column":9}},"type":"if","locations":[{"start":{"line":145,"column":14},"end":{"line":164,"column":9}},{"start":{"line":145,"column":14},"end":{"line":164,"column":9}}],"line":145},"13":{"loc":{"start":{"line":145,"column":17},"end":{"line":145,"column":58}},"type":"binary-expr","locations":[{"start":{"line":145,"column":17},"end":{"line":145,"column":35}},{"start":{"line":145,"column":39},"end":{"line":145,"column":58}}],"line":145},"14":{"loc":{"start":{"line":152,"column":15},"end":{"line":164,"column":9}},"type":"if","locations":[{"start":{"line":152,"column":15},"end":{"line":164,"column":9}},{"start":{"line":152,"column":15},"end":{"line":164,"column":9}}],"line":152},"15":{"loc":{"start":{"line":153,"column":12},"end":{"line":163,"column":13}},"type":"if","locations":[{"start":{"line":153,"column":12},"end":{"line":163,"column":13}},{"start":{"line":153,"column":12},"end":{"line":163,"column":13}}],"line":153},"16":{"loc":{"start":{"line":153,"column":15},"end":{"line":153,"column":67}},"type":"binary-expr","locations":[{"start":{"line":153,"column":15},"end":{"line":153,"column":39}},{"start":{"line":153,"column":43},"end":{"line":153,"column":67}}],"line":153},"17":{"loc":{"start":{"line":154,"column":19},"end":{"line":163,"column":13}},"type":"if","locations":[{"start":{"line":154,"column":19},"end":{"line":163,"column":13}},{"start":{"line":154,"column":19},"end":{"line":163,"column":13}}],"line":154},"18":{"loc":{"start":{"line":154,"column":22},"end":{"line":154,"column":70}},"type":"binary-expr","locations":[{"start":{"line":154,"column":22},"end":{"line":154,"column":44}},{"start":{"line":154,"column":48},"end":{"line":154,"column":70}}],"line":154},"19":{"loc":{"start":{"line":155,"column":19},"end":{"line":163,"column":13}},"type":"if","locations":[{"start":{"line":155,"column":19},"end":{"line":163,"column":13}},{"start":{"line":155,"column":19},"end":{"line":163,"column":13}}],"line":155},"20":{"loc":{"start":{"line":156,"column":16},"end":{"line":159,"column":17}},"type":"if","locations":[{"start":{"line":156,"column":16},"end":{"line":159,"column":17}},{"start":{"line":156,"column":16},"end":{"line":159,"column":17}}],"line":156},"21":{"loc":{"start":{"line":173,"column":8},"end":{"line":186,"column":9}},"type":"if","locations":[{"start":{"line":173,"column":8},"end":{"line":186,"column":9}},{"start":{"line":173,"column":8},"end":{"line":186,"column":9}}],"line":173},"22":{"loc":{"start":{"line":175,"column":15},"end":{"line":186,"column":9}},"type":"if","locations":[{"start":{"line":175,"column":15},"end":{"line":186,"column":9}},{"start":{"line":175,"column":15},"end":{"line":186,"column":9}}],"line":175},"23":{"loc":{"start":{"line":176,"column":15},"end":{"line":186,"column":9}},"type":"if","locations":[{"start":{"line":176,"column":15},"end":{"line":186,"column":9}},{"start":{"line":176,"column":15},"end":{"line":186,"column":9}}],"line":176},"24":{"loc":{"start":{"line":177,"column":12},"end":{"line":185,"column":13}},"type":"if","locations":[{"start":{"line":177,"column":12},"end":{"line":185,"column":13}},{"start":{"line":177,"column":12},"end":{"line":185,"column":13}}],"line":177},"25":{"loc":{"start":{"line":178,"column":19},"end":{"line":185,"column":13}},"type":"if","locations":[{"start":{"line":178,"column":19},"end":{"line":185,"column":13}},{"start":{"line":178,"column":19},"end":{"line":185,"column":13}}],"line":178},"26":{"loc":{"start":{"line":179,"column":19},"end":{"line":185,"column":13}},"type":"if","locations":[{"start":{"line":179,"column":19},"end":{"line":185,"column":13}},{"start":{"line":179,"column":19},"end":{"line":185,"column":13}}],"line":179},"27":{"loc":{"start":{"line":193,"column":8},"end":{"line":216,"column":9}},"type":"if","locations":[{"start":{"line":193,"column":8},"end":{"line":216,"column":9}},{"start":{"line":193,"column":8},"end":{"line":216,"column":9}}],"line":193},"28":{"loc":{"start":{"line":193,"column":11},"end":{"line":193,"column":82}},"type":"binary-expr","locations":[{"start":{"line":193,"column":11},"end":{"line":193,"column":47}},{"start":{"line":193,"column":51},"end":{"line":193,"column":82}}],"line":193},"29":{"loc":{"start":{"line":204,"column":20},"end":{"line":210,"column":21}},"type":"if","locations":[{"start":{"line":204,"column":20},"end":{"line":210,"column":21}},{"start":{"line":204,"column":20},"end":{"line":210,"column":21}}],"line":204},"30":{"loc":{"start":{"line":204,"column":23},"end":{"line":204,"column":69}},"type":"binary-expr","locations":[{"start":{"line":204,"column":23},"end":{"line":204,"column":44}},{"start":{"line":204,"column":48},"end":{"line":204,"column":69}}],"line":204},"31":{"loc":{"start":{"line":207,"column":27},"end":{"line":210,"column":21}},"type":"if","locations":[{"start":{"line":207,"column":27},"end":{"line":210,"column":21}},{"start":{"line":207,"column":27},"end":{"line":210,"column":21}}],"line":207},"32":{"loc":{"start":{"line":207,"column":30},"end":{"line":207,"column":72}},"type":"binary-expr","locations":[{"start":{"line":207,"column":30},"end":{"line":207,"column":49}},{"start":{"line":207,"column":53},"end":{"line":207,"column":72}}],"line":207},"33":{"loc":{"start":{"line":268,"column":16},"end":{"line":270,"column":17}},"type":"if","locations":[{"start":{"line":268,"column":16},"end":{"line":270,"column":17}},{"start":{"line":268,"column":16},"end":{"line":270,"column":17}}],"line":268},"34":{"loc":{"start":{"line":287,"column":8},"end":{"line":300,"column":9}},"type":"switch","locations":[{"start":{"line":288,"column":12},"end":{"line":292,"column":22}},{"start":{"line":293,"column":12},"end":{"line":296,"column":22}},{"start":{"line":297,"column":12},"end":{"line":299,"column":22}}],"line":287},"35":{"loc":{"start":{"line":308,"column":8},"end":{"line":320,"column":9}},"type":"switch","locations":[{"start":{"line":309,"column":12},"end":{"line":311,"column":22}},{"start":{"line":312,"column":12},"end":{"line":314,"column":22}},{"start":{"line":315,"column":12},"end":{"line":317,"column":22}},{"start":{"line":318,"column":12},"end":{"line":319,"column":46}}],"line":308},"36":{"loc":{"start":{"line":341,"column":8},"end":{"line":343,"column":9}},"type":"if","locations":[{"start":{"line":341,"column":8},"end":{"line":343,"column":9}},{"start":{"line":341,"column":8},"end":{"line":343,"column":9}}],"line":341},"37":{"loc":{"start":{"line":350,"column":12},"end":{"line":355,"column":13}},"type":"if","locations":[{"start":{"line":350,"column":12},"end":{"line":355,"column":13}},{"start":{"line":350,"column":12},"end":{"line":355,"column":13}}],"line":350},"38":{"loc":{"start":{"line":368,"column":12},"end":{"line":372,"column":13}},"type":"if","locations":[{"start":{"line":368,"column":12},"end":{"line":372,"column":13}},{"start":{"line":368,"column":12},"end":{"line":372,"column":13}}],"line":368},"39":{"loc":{"start":{"line":419,"column":46},"end":{"line":419,"column":154}},"type":"binary-expr","locations":[{"start":{"line":419,"column":46},"end":{"line":419,"column":81}},{"start":{"line":419,"column":85},"end":{"line":419,"column":120}},{"start":{"line":419,"column":124},"end":{"line":419,"column":154}}],"line":419},"40":{"loc":{"start":{"line":420,"column":62},"end":{"line":420,"column":166}},"type":"cond-expr","locations":[{"start":{"line":420,"column":100},"end":{"line":420,"column":121}},{"start":{"line":420,"column":124},"end":{"line":420,"column":166}}],"line":420},"41":{"loc":{"start":{"line":429,"column":46},"end":{"line":429,"column":115}},"type":"binary-expr","locations":[{"start":{"line":429,"column":46},"end":{"line":429,"column":81}},{"start":{"line":429,"column":85},"end":{"line":429,"column":115}}],"line":429}},"s":{"0":1,"1":1,"2":1,"3":0,"4":0,"5":0,"6":0,"7":0,"8":0,"9":0,"10":0,"11":0,"12":0,"13":0,"14":0,"15":0,"16":0,"17":0,"18":0,"19":0,"20":0,"21":0,"22":0,"23":0,"24":0,"25":0,"26":0,"27":0,"28":0,"29":0,"30":0,"31":0,"32":0,"33":0,"34":0,"35":0,"36":0,"37":0,"38":0,"39":0,"40":0,"41":0,"42":0,"43":0,"44":0,"45":0,"46":0,"47":0,"48":0,"49":0,"50":0,"51":0,"52":0,"53":0,"54":0,"55":0,"56":0,"57":0,"58":0,"59":0,"60":0,"61":0,"62":0,"63":0,"64":0,"65":0,"66":0,"67":0,"68":0,"69":0,"70":0,"71":0,"72":0,"73":0,"74":0,"75":0,"76":0,"77":0,"78":0,"79":0,"80":0,"81":0,"82":0,"83":0,"84":0,"85":0,"86":0,"87":0,"88":0,"89":0,"90":0,"91":0,"92":0,"93":0,"94":0,"95":0,"96":0,"97":0,"98":0,"99":0,"100":0,"101":0,"102":0,"103":0,"104":0,"105":0,"106":0,"107":0,"108":0,"109":0,"110":0,"111":0,"112":0,"113":0,"114":0,"115":0,"116":0,"117":0,"118":0,"119":0,"120":0,"121":0,"122":0,"123":0,"124":0,"125":0,"126":0,"127":0,"128":0,"129":0,"130":0,"131":0,"132":0,"133":0,"134":0,"135":0,"136":0,"137":0,"138":0,"139":0,"140":0,"141":0,"142":0,"143":0,"144":0,"145":0,"146":0,"147":0,"148":0,"149":0,"150":0,"151":0,"152":0,"153":0,"154":0,"155":0,"156":0,"157":0,"158":0,"159":0,"160":0,"161":0,"162":0,"163":0,"164":0,"165":0,"166":0,"167":0,"168":0,"169":0,"170":0,"171":0,"172":0,"173":0,"174":0,"175":0,"176":0,"177":0,"178":0,"179":0,"180":0,"181":0,"182":0,"183":0,"184":0,"185":0,"186":0,"187":0,"188":0,"189":0,"190":0,"191":0,"192":0,"193":0,"194":0,"195":0,"196":0,"197":0,"198":0,"199":0,"200":0,"201":0,"202":0,"203":0,"204":0,"205":0,"206":0,"207":0,"208":0,"209":0},"f":{"0":0,"1":0,"2":0,"3":0,"4":0,"5":0,"6":0,"7":0,"8":0,"9":0,"10":0,"11":0,"12":0,"13":0,"14":0,"15":0,"16":0,"17":0,"18":0,"19":0,"20":0,"21":0,"22":0,"23":0,"24":0,"25":0,"26":0,"27":0,"28":0,"29":0,"30":0,"31":0,"32":0,"33":0},"b":{"0":[0,0],"1":[0,0],"2":[0,0],"3":[0,0],"4":[0,0],"5":[0,0],"6":[0,0],"7":[0,0],"8":[0,0],"9":[0,0],"10":[0,0],"11":[0,0],"12":[0,0],"13":[0,0],"14":[0,0],"15":[0,0],"16":[0,0],"17":[0,0],"18":[0,0],"19":[0,0],"20":[0,0],"21":[0,0],"22":[0,0],"23":[0,0],"24":[0,0],"25":[0,0],"26":[0,0],"27":[0,0],"28":[0,0],"29":[0,0],"30":[0,0],"31":[0,0],"32":[0,0],"33":[0,0],"34":[0,0,0],"35":[0,0,0,0],"36":[0,0],"37":[0,0],"38":[0,0],"39":[0,0,0],"40":[0,0],"41":[0,0]},"_coverageSchema":"43e27e138ebf9cfc5966b082cf9a028302ed4184","hash":"cd26dee08ecb36e17fe0e22bee7e9933e06c6437"}
,"/Users/mital/Documents/Programming/Github/visualizers/src/Pathfinding/Algorithms/AStar.js": {"path":"/Users/mital/Documents/Programming/Github/visualizers/src/Pathfinding/Algorithms/AStar.js","statementMap":{"0":{"start":{"line":3,"column":15},"end":{"line":3,"column":17}},"1":{"start":{"line":4,"column":17},"end":{"line":4,"column":19}},"2":{"start":{"line":5,"column":4},"end":{"line":5,"column":66}},"3":{"start":{"line":6,"column":4},"end":{"line":6,"column":36}},"4":{"start":{"line":7,"column":4},"end":{"line":7,"column":21}},"5":{"start":{"line":8,"column":4},"end":{"line":49,"column":5}},"6":{"start":{"line":9,"column":22},"end":{"line":9,"column":52}},"7":{"start":{"line":11,"column":8},"end":{"line":20,"column":9}},"8":{"start":{"line":12,"column":23},"end":{"line":12,"column":30}},"9":{"start":{"line":13,"column":22},"end":{"line":13,"column":24}},"10":{"start":{"line":14,"column":12},"end":{"line":17,"column":13}},"11":{"start":{"line":15,"column":16},"end":{"line":15,"column":31}},"12":{"start":{"line":16,"column":16},"end":{"line":16,"column":35}},"13":{"start":{"line":18,"column":12},"end":{"line":18,"column":27}},"14":{"start":{"line":19,"column":12},"end":{"line":19,"column":33}},"15":{"start":{"line":22,"column":8},"end":{"line":22,"column":29}},"16":{"start":{"line":23,"column":8},"end":{"line":23,"column":45}},"17":{"start":{"line":24,"column":8},"end":{"line":24,"column":74}},"18":{"start":{"line":25,"column":24},"end":{"line":25,"column":41}},"19":{"start":{"line":27,"column":8},"end":{"line":48,"column":9}},"20":{"start":{"line":27,"column":20},"end":{"line":27,"column":21}},"21":{"start":{"line":28,"column":27},"end":{"line":28,"column":39}},"22":{"start":{"line":29,"column":12},"end":{"line":30,"column":25}},"23":{"start":{"line":30,"column":16},"end":{"line":30,"column":25}},"24":{"start":{"line":32,"column":25},"end":{"line":32,"column":38}},"25":{"start":{"line":33,"column":31},"end":{"line":33,"column":36}},"26":{"start":{"line":35,"column":12},"end":{"line":41,"column":13}},"27":{"start":{"line":36,"column":16},"end":{"line":36,"column":36}},"28":{"start":{"line":37,"column":16},"end":{"line":37,"column":54}},"29":{"start":{"line":38,"column":16},"end":{"line":38,"column":36}},"30":{"start":{"line":39,"column":19},"end":{"line":41,"column":13}},"31":{"start":{"line":40,"column":16},"end":{"line":40,"column":36}},"32":{"start":{"line":43,"column":12},"end":{"line":47,"column":13}},"33":{"start":{"line":44,"column":16},"end":{"line":44,"column":42}},"34":{"start":{"line":45,"column":16},"end":{"line":45,"column":36}},"35":{"start":{"line":46,"column":16},"end":{"line":46,"column":53}},"36":{"start":{"line":50,"column":4},"end":{"line":50,"column":13}},"37":{"start":{"line":54,"column":17},"end":{"line":54,"column":40}},"38":{"start":{"line":55,"column":4},"end":{"line":59,"column":5}},"39":{"start":{"line":55,"column":16},"end":{"line":55,"column":17}},"40":{"start":{"line":56,"column":8},"end":{"line":58,"column":9}},"41":{"start":{"line":57,"column":12},"end":{"line":57,"column":29}},"42":{"start":{"line":60,"column":4},"end":{"line":60,"column":18}},"43":{"start":{"line":64,"column":4},"end":{"line":68,"column":5}},"44":{"start":{"line":64,"column":16},"end":{"line":64,"column":31}},"45":{"start":{"line":65,"column":8},"end":{"line":67,"column":9}},"46":{"start":{"line":66,"column":12},"end":{"line":66,"column":30}},"47":{"start":{"line":69,"column":4},"end":{"line":69,"column":15}},"48":{"start":{"line":73,"column":14},"end":{"line":73,"column":25}},"49":{"start":{"line":74,"column":14},"end":{"line":74,"column":25}},"50":{"start":{"line":75,"column":25},"end":{"line":75,"column":27}},"51":{"start":{"line":76,"column":4},"end":{"line":78,"column":5}},"52":{"start":{"line":77,"column":8},"end":{"line":77,"column":47}},"53":{"start":{"line":79,"column":4},"end":{"line":81,"column":5}},"54":{"start":{"line":80,"column":8},"end":{"line":80,"column":47}},"55":{"start":{"line":82,"column":4},"end":{"line":84,"column":5}},"56":{"start":{"line":83,"column":8},"end":{"line":83,"column":47}},"57":{"start":{"line":85,"column":4},"end":{"line":87,"column":5}},"58":{"start":{"line":86,"column":8},"end":{"line":86,"column":47}},"59":{"start":{"line":88,"column":4},"end":{"line":88,"column":39}},"60":{"start":{"line":89,"column":4},"end":{"line":89,"column":19}},"61":{"start":{"line":93,"column":13},"end":{"line":93,"column":70}},"62":{"start":{"line":94,"column":13},"end":{"line":94,"column":70}},"63":{"start":{"line":95,"column":4},"end":{"line":95,"column":30}}},"fnMap":{"0":{"name":"astar","decl":{"start":{"line":2,"column":16},"end":{"line":2,"column":21}},"loc":{"start":{"line":2,"column":39},"end":{"line":51,"column":1}},"line":2},"1":{"name":"getSmallestElementInList","decl":{"start":{"line":53,"column":9},"end":{"line":53,"column":33}},"loc":{"start":{"line":53,"column":40},"end":{"line":61,"column":1}},"line":53},"2":{"name":"removeFromList","decl":{"start":{"line":63,"column":9},"end":{"line":63,"column":23}},"loc":{"start":{"line":63,"column":39},"end":{"line":70,"column":1}},"line":63},"3":{"name":"addNeighbors","decl":{"start":{"line":72,"column":9},"end":{"line":72,"column":21}},"loc":{"start":{"line":72,"column":49},"end":{"line":90,"column":1}},"line":72},"4":{"name":"heuristic","decl":{"start":{"line":92,"column":9},"end":{"line":92,"column":18}},"loc":{"start":{"line":92,"column":25},"end":{"line":96,"column":1}},"line":92}},"branchMap":{"0":{"loc":{"start":{"line":11,"column":8},"end":{"line":20,"column":9}},"type":"if","locations":[{"start":{"line":11,"column":8},"end":{"line":20,"column":9}},{"start":{"line":11,"column":8},"end":{"line":20,"column":9}}],"line":11},"1":{"loc":{"start":{"line":29,"column":12},"end":{"line":30,"column":25}},"type":"if","locations":[{"start":{"line":29,"column":12},"end":{"line":30,"column":25}},{"start":{"line":29,"column":12},"end":{"line":30,"column":25}}],"line":29},"2":{"loc":{"start":{"line":29,"column":15},"end":{"line":29,"column":66}},"type":"binary-expr","locations":[{"start":{"line":29,"column":15},"end":{"line":29,"column":40}},{"start":{"line":29,"column":44},"end":{"line":29,"column":66}}],"line":29},"3":{"loc":{"start":{"line":35,"column":12},"end":{"line":41,"column":13}},"type":"if","locations":[{"start":{"line":35,"column":12},"end":{"line":41,"column":13}},{"start":{"line":35,"column":12},"end":{"line":41,"column":13}}],"line":35},"4":{"loc":{"start":{"line":39,"column":19},"end":{"line":41,"column":13}},"type":"if","locations":[{"start":{"line":39,"column":19},"end":{"line":41,"column":13}},{"start":{"line":39,"column":19},"end":{"line":41,"column":13}}],"line":39},"5":{"loc":{"start":{"line":43,"column":12},"end":{"line":47,"column":13}},"type":"if","locations":[{"start":{"line":43,"column":12},"end":{"line":47,"column":13}},{"start":{"line":43,"column":12},"end":{"line":47,"column":13}}],"line":43},"6":{"loc":{"start":{"line":56,"column":8},"end":{"line":58,"column":9}},"type":"if","locations":[{"start":{"line":56,"column":8},"end":{"line":58,"column":9}},{"start":{"line":56,"column":8},"end":{"line":58,"column":9}}],"line":56},"7":{"loc":{"start":{"line":65,"column":8},"end":{"line":67,"column":9}},"type":"if","locations":[{"start":{"line":65,"column":8},"end":{"line":67,"column":9}},{"start":{"line":65,"column":8},"end":{"line":67,"column":9}}],"line":65},"8":{"loc":{"start":{"line":76,"column":4},"end":{"line":78,"column":5}},"type":"if","locations":[{"start":{"line":76,"column":4},"end":{"line":78,"column":5}},{"start":{"line":76,"column":4},"end":{"line":78,"column":5}}],"line":76},"9":{"loc":{"start":{"line":79,"column":4},"end":{"line":81,"column":5}},"type":"if","locations":[{"start":{"line":79,"column":4},"end":{"line":81,"column":5}},{"start":{"line":79,"column":4},"end":{"line":81,"column":5}}],"line":79},"10":{"loc":{"start":{"line":82,"column":4},"end":{"line":84,"column":5}},"type":"if","locations":[{"start":{"line":82,"column":4},"end":{"line":84,"column":5}},{"start":{"line":82,"column":4},"end":{"line":84,"column":5}}],"line":82},"11":{"loc":{"start":{"line":85,"column":4},"end":{"line":87,"column":5}},"type":"if","locations":[{"start":{"line":85,"column":4},"end":{"line":87,"column":5}},{"start":{"line":85,"column":4},"end":{"line":87,"column":5}}],"line":85}},"s":{"0":0,"1":0,"2":0,"3":0,"4":0,"5":0,"6":0,"7":0,"8":0,"9":0,"10":0,"11":0,"12":0,"13":0,"14":0,"15":0,"16":0,"17":0,"18":0,"19":0,"20":0,"21":0,"22":0,"23":0,"24":0,"25":0,"26":0,"27":0,"28":0,"29":0,"30":0,"31":0,"32":0,"33":0,"34":0,"35":0,"36":0,"37":0,"38":0,"39":0,"40":0,"41":0,"42":0,"43":0,"44":0,"45":0,"46":0,"47":0,"48":0,"49":0,"50":0,"51":0,"52":0,"53":0,"54":0,"55":0,"56":0,"57":0,"58":0,"59":0,"60":0,"61":0,"62":0,"63":0},"f":{"0":0,"1":0,"2":0,"3":0,"4":0},"b":{"0":[0,0],"1":[0,0],"2":[0,0],"3":[0,0],"4":[0,0],"5":[0,0],"6":[0,0],"7":[0,0],"8":[0,0],"9":[0,0],"10":[0,0],"11":[0,0]},"_coverageSchema":"43e27e138ebf9cfc5966b082cf9a028302ed4184","hash":"b8c483ae8b35d0001ec775e6c7a5f6e1f395bac1"}
,"/Users/mital/Documents/Programming/Github/visualizers/src/Pathfinding/Algorithms/Dijkstra.js": {"path":"/Users/mital/Documents/Programming/Github/visualizers/src/Pathfinding/Algorithms/Dijkstra.js","statementMap":{"0":{"start":{"line":3,"column":20},"end":{"line":3,"column":22}},"1":{"start":{"line":4,"column":16},"end":{"line":4,"column":30}},"2":{"start":{"line":5,"column":4},"end":{"line":5,"column":23}},"3":{"start":{"line":6,"column":22},"end":{"line":6,"column":39}},"4":{"start":{"line":8,"column":4},"end":{"line":31,"column":5}},"5":{"start":{"line":9,"column":8},"end":{"line":9,"column":39}},"6":{"start":{"line":11,"column":28},"end":{"line":11,"column":45}},"7":{"start":{"line":14,"column":8},"end":{"line":16,"column":9}},"8":{"start":{"line":15,"column":12},"end":{"line":15,"column":21}},"9":{"start":{"line":20,"column":8},"end":{"line":22,"column":9}},"10":{"start":{"line":21,"column":12},"end":{"line":21,"column":27}},"11":{"start":{"line":23,"column":8},"end":{"line":23,"column":35}},"12":{"start":{"line":24,"column":8},"end":{"line":24,"column":34}},"13":{"start":{"line":27,"column":8},"end":{"line":29,"column":9}},"14":{"start":{"line":28,"column":12},"end":{"line":28,"column":27}},"15":{"start":{"line":30,"column":8},"end":{"line":30,"column":43}},"16":{"start":{"line":37,"column":18},"end":{"line":37,"column":20}},"17":{"start":{"line":38,"column":4},"end":{"line":42,"column":5}},"18":{"start":{"line":39,"column":8},"end":{"line":41,"column":9}},"19":{"start":{"line":40,"column":12},"end":{"line":40,"column":29}},"20":{"start":{"line":43,"column":4},"end":{"line":43,"column":17}},"21":{"start":{"line":48,"column":4},"end":{"line":48,"column":50}},"22":{"start":{"line":48,"column":25},"end":{"line":48,"column":48}},"23":{"start":{"line":53,"column":22},"end":{"line":53,"column":46}},"24":{"start":{"line":54,"column":4},"end":{"line":57,"column":5}},"25":{"start":{"line":55,"column":8},"end":{"line":55,"column":46}},"26":{"start":{"line":56,"column":8},"end":{"line":56,"column":33}},"27":{"start":{"line":61,"column":22},"end":{"line":61,"column":24}},"28":{"start":{"line":62,"column":25},"end":{"line":62,"column":29}},"29":{"start":{"line":64,"column":4},"end":{"line":65,"column":42}},"30":{"start":{"line":65,"column":8},"end":{"line":65,"column":42}},"31":{"start":{"line":67,"column":4},"end":{"line":68,"column":42}},"32":{"start":{"line":68,"column":8},"end":{"line":68,"column":42}},"33":{"start":{"line":70,"column":4},"end":{"line":71,"column":43}},"34":{"start":{"line":71,"column":8},"end":{"line":71,"column":43}},"35":{"start":{"line":73,"column":4},"end":{"line":74,"column":43}},"36":{"start":{"line":74,"column":8},"end":{"line":74,"column":43}},"37":{"start":{"line":75,"column":4},"end":{"line":75,"column":59}},"38":{"start":{"line":75,"column":40},"end":{"line":75,"column":57}},"39":{"start":{"line":79,"column":22},"end":{"line":79,"column":24}},"40":{"start":{"line":80,"column":22},"end":{"line":80,"column":25}},"41":{"start":{"line":81,"column":4},"end":{"line":87,"column":5}},"42":{"start":{"line":83,"column":8},"end":{"line":86,"column":9}},"43":{"start":{"line":84,"column":12},"end":{"line":84,"column":43}},"44":{"start":{"line":85,"column":12},"end":{"line":85,"column":47}},"45":{"start":{"line":88,"column":4},"end":{"line":88,"column":21}},"46":{"start":{"line":94,"column":4},"end":{"line":100,"column":5}},"47":{"start":{"line":94,"column":18},"end":{"line":94,"column":19}},"48":{"start":{"line":95,"column":8},"end":{"line":99,"column":9}},"49":{"start":{"line":95,"column":22},"end":{"line":95,"column":23}},"50":{"start":{"line":96,"column":12},"end":{"line":98,"column":13}},"51":{"start":{"line":97,"column":16},"end":{"line":97,"column":39}},"52":{"start":{"line":101,"column":4},"end":{"line":101,"column":17}}},"fnMap":{"0":{"name":"dijkstra","decl":{"start":{"line":2,"column":16},"end":{"line":2,"column":24}},"loc":{"start":{"line":2,"column":42},"end":{"line":32,"column":1}},"line":2},"1":{"name":"getAllNodes","decl":{"start":{"line":36,"column":9},"end":{"line":36,"column":20}},"loc":{"start":{"line":36,"column":27},"end":{"line":44,"column":1}},"line":36},"2":{"name":"sortCellsByDistance","decl":{"start":{"line":47,"column":9},"end":{"line":47,"column":28}},"loc":{"start":{"line":47,"column":36},"end":{"line":49,"column":1}},"line":47},"3":{"name":"(anonymous_3)","decl":{"start":{"line":48,"column":15},"end":{"line":48,"column":16}},"loc":{"start":{"line":48,"column":25},"end":{"line":48,"column":48}},"line":48},"4":{"name":"updateNeighbors","decl":{"start":{"line":52,"column":9},"end":{"line":52,"column":24}},"loc":{"start":{"line":52,"column":37},"end":{"line":58,"column":1}},"line":52},"5":{"name":"getNeighbors","decl":{"start":{"line":60,"column":9},"end":{"line":60,"column":21}},"loc":{"start":{"line":60,"column":34},"end":{"line":76,"column":1}},"line":60},"6":{"name":"(anonymous_6)","decl":{"start":{"line":75,"column":28},"end":{"line":75,"column":29}},"loc":{"start":{"line":75,"column":40},"end":{"line":75,"column":57}},"line":75},"7":{"name":"getShortestPath","decl":{"start":{"line":78,"column":16},"end":{"line":78,"column":31}},"loc":{"start":{"line":78,"column":37},"end":{"line":89,"column":1}},"line":78},"8":{"name":"getStart","decl":{"start":{"line":92,"column":9},"end":{"line":92,"column":17}},"loc":{"start":{"line":92,"column":24},"end":{"line":102,"column":1}},"line":92}},"branchMap":{"0":{"loc":{"start":{"line":14,"column":8},"end":{"line":16,"column":9}},"type":"if","locations":[{"start":{"line":14,"column":8},"end":{"line":16,"column":9}},{"start":{"line":14,"column":8},"end":{"line":16,"column":9}}],"line":14},"1":{"loc":{"start":{"line":20,"column":8},"end":{"line":22,"column":9}},"type":"if","locations":[{"start":{"line":20,"column":8},"end":{"line":22,"column":9}},{"start":{"line":20,"column":8},"end":{"line":22,"column":9}}],"line":20},"2":{"loc":{"start":{"line":27,"column":8},"end":{"line":29,"column":9}},"type":"if","locations":[{"start":{"line":27,"column":8},"end":{"line":29,"column":9}},{"start":{"line":27,"column":8},"end":{"line":29,"column":9}}],"line":27},"3":{"loc":{"start":{"line":64,"column":4},"end":{"line":65,"column":42}},"type":"if","locations":[{"start":{"line":64,"column":4},"end":{"line":65,"column":42}},{"start":{"line":64,"column":4},"end":{"line":65,"column":42}}],"line":64},"4":{"loc":{"start":{"line":67,"column":4},"end":{"line":68,"column":42}},"type":"if","locations":[{"start":{"line":67,"column":4},"end":{"line":68,"column":42}},{"start":{"line":67,"column":4},"end":{"line":68,"column":42}}],"line":67},"5":{"loc":{"start":{"line":70,"column":4},"end":{"line":71,"column":43}},"type":"if","locations":[{"start":{"line":70,"column":4},"end":{"line":71,"column":43}},{"start":{"line":70,"column":4},"end":{"line":71,"column":43}}],"line":70},"6":{"loc":{"start":{"line":73,"column":4},"end":{"line":74,"column":43}},"type":"if","locations":[{"start":{"line":73,"column":4},"end":{"line":74,"column":43}},{"start":{"line":73,"column":4},"end":{"line":74,"column":43}}],"line":73},"7":{"loc":{"start":{"line":81,"column":4},"end":{"line":87,"column":5}},"type":"if","locations":[{"start":{"line":81,"column":4},"end":{"line":87,"column":5}},{"start":{"line":81,"column":4},"end":{"line":87,"column":5}}],"line":81},"8":{"loc":{"start":{"line":96,"column":12},"end":{"line":98,"column":13}},"type":"if","locations":[{"start":{"line":96,"column":12},"end":{"line":98,"column":13}},{"start":{"line":96,"column":12},"end":{"line":98,"column":13}}],"line":96}},"s":{"0":0,"1":0,"2":0,"3":0,"4":0,"5":0,"6":0,"7":0,"8":0,"9":0,"10":0,"11":0,"12":0,"13":0,"14":0,"15":0,"16":0,"17":0,"18":0,"19":0,"20":0,"21":0,"22":0,"23":0,"24":0,"25":0,"26":0,"27":0,"28":0,"29":0,"30":0,"31":0,"32":0,"33":0,"34":0,"35":0,"36":0,"37":0,"38":0,"39":0,"40":0,"41":0,"42":0,"43":0,"44":0,"45":0,"46":0,"47":0,"48":0,"49":0,"50":0,"51":0,"52":0},"f":{"0":0,"1":0,"2":0,"3":0,"4":0,"5":0,"6":0,"7":0,"8":0},"b":{"0":[0,0],"1":[0,0],"2":[0,0],"3":[0,0],"4":[0,0],"5":[0,0],"6":[0,0],"7":[0,0],"8":[0,0]},"_coverageSchema":"43e27e138ebf9cfc5966b082cf9a028302ed4184","hash":"974e7cb6230ca7af3898e67df3edfb0704eab6f8"}
,"/Users/mital/Documents/Programming/Github/visualizers/src/Pathfinding/Mazes/Patterns.js": {"path":"/Users/mital/Documents/Programming/Github/visualizers/src/Pathfinding/Mazes/Patterns.js","statementMap":{"0":{"start":{"line":2,"column":18},"end":{"line":2,"column":20}},"1":{"start":{"line":3,"column":18},"end":{"line":3,"column":30}},"2":{"start":{"line":4,"column":4},"end":{"line":4,"column":24}},"3":{"start":{"line":5,"column":4},"end":{"line":5,"column":25}},"4":{"start":{"line":44,"column":4},"end":{"line":44,"column":25}},"5":{"start":{"line":45,"column":4},"end":{"line":45,"column":19}}},"fnMap":{"0":{"name":"smilyFaceMaze","decl":{"start":{"line":1,"column":16},"end":{"line":1,"column":29}},"loc":{"start":{"line":1,"column":35},"end":{"line":46,"column":1}},"line":1}},"branchMap":{},"s":{"0":0,"1":0,"2":0,"3":0,"4":0,"5":0},"f":{"0":0},"b":{},"_coverageSchema":"43e27e138ebf9cfc5966b082cf9a028302ed4184","hash":"b9f54233a1f494adcee8aae93696fb267bd29958"}
,"/Users/mital/Documents/Programming/Github/visualizers/src/Pathfinding/Mazes/RecursiveDivisionRandomizer.js": {"path":"/Users/mital/Documents/Programming/Github/visualizers/src/Pathfinding/Mazes/RecursiveDivisionRandomizer.js","statementMap":{"0":{"start":{"line":2,"column":18},"end":{"line":2,"column":80}},"1":{"start":{"line":3,"column":4},"end":{"line":3,"column":19}},"2":{"start":{"line":9,"column":18},"end":{"line":9,"column":20}},"3":{"start":{"line":11,"column":22},"end":{"line":11,"column":41}},"4":{"start":{"line":12,"column":23},"end":{"line":12,"column":44}},"5":{"start":{"line":13,"column":4},"end":{"line":13,"column":87}},"6":{"start":{"line":15,"column":4},"end":{"line":17,"column":5}},"7":{"start":{"line":16,"column":8},"end":{"line":16,"column":23}},"8":{"start":{"line":19,"column":4},"end":{"line":90,"column":5}},"9":{"start":{"line":20,"column":30},"end":{"line":20,"column":32}},"10":{"start":{"line":21,"column":23},"end":{"line":21,"column":25}},"11":{"start":{"line":27,"column":8},"end":{"line":29,"column":9}},"12":{"start":{"line":27,"column":20},"end":{"line":27,"column":32}},"13":{"start":{"line":28,"column":12},"end":{"line":28,"column":36}},"14":{"start":{"line":30,"column":8},"end":{"line":32,"column":9}},"15":{"start":{"line":30,"column":20},"end":{"line":30,"column":33}},"16":{"start":{"line":31,"column":12},"end":{"line":31,"column":29}},"17":{"start":{"line":33,"column":8},"end":{"line":33,"column":36}},"18":{"start":{"line":34,"column":8},"end":{"line":34,"column":29}},"19":{"start":{"line":36,"column":8},"end":{"line":36,"column":91}},"20":{"start":{"line":37,"column":8},"end":{"line":37,"column":81}},"21":{"start":{"line":39,"column":8},"end":{"line":39,"column":60}},"22":{"start":{"line":40,"column":8},"end":{"line":40,"column":47}},"23":{"start":{"line":43,"column":8},"end":{"line":43,"column":152}},"24":{"start":{"line":44,"column":8},"end":{"line":51,"column":9}},"25":{"start":{"line":44,"column":20},"end":{"line":44,"column":29}},"26":{"start":{"line":45,"column":12},"end":{"line":45,"column":46}},"27":{"start":{"line":45,"column":36},"end":{"line":45,"column":44}},"28":{"start":{"line":46,"column":12},"end":{"line":50,"column":14}},"29":{"start":{"line":53,"column":8},"end":{"line":53,"column":120}},"30":{"start":{"line":54,"column":8},"end":{"line":54,"column":120}},"31":{"start":{"line":56,"column":27},"end":{"line":56,"column":29}},"32":{"start":{"line":57,"column":26},"end":{"line":57,"column":28}},"33":{"start":{"line":63,"column":8},"end":{"line":65,"column":9}},"34":{"start":{"line":63,"column":20},"end":{"line":63,"column":33}},"35":{"start":{"line":64,"column":12},"end":{"line":64,"column":33}},"36":{"start":{"line":67,"column":8},"end":{"line":69,"column":9}},"37":{"start":{"line":67,"column":20},"end":{"line":67,"column":32}},"38":{"start":{"line":68,"column":12},"end":{"line":68,"column":32}},"39":{"start":{"line":71,"column":8},"end":{"line":71,"column":85}},"40":{"start":{"line":72,"column":8},"end":{"line":72,"column":87}},"41":{"start":{"line":74,"column":8},"end":{"line":74,"column":51}},"42":{"start":{"line":75,"column":8},"end":{"line":75,"column":55}},"43":{"start":{"line":76,"column":8},"end":{"line":76,"column":144}},"44":{"start":{"line":78,"column":8},"end":{"line":85,"column":9}},"45":{"start":{"line":78,"column":20},"end":{"line":78,"column":28}},"46":{"start":{"line":79,"column":12},"end":{"line":79,"column":49}},"47":{"start":{"line":79,"column":39},"end":{"line":79,"column":47}},"48":{"start":{"line":80,"column":12},"end":{"line":84,"column":14}},"49":{"start":{"line":87,"column":8},"end":{"line":87,"column":116}},"50":{"start":{"line":88,"column":8},"end":{"line":88,"column":116}},"51":{"start":{"line":92,"column":4},"end":{"line":92,"column":19}}},"fnMap":{"0":{"name":"recursiveDivisionRandomizerMaze","decl":{"start":{"line":1,"column":16},"end":{"line":1,"column":47}},"loc":{"start":{"line":1,"column":68},"end":{"line":4,"column":1}},"line":1},"1":{"name":"recursiveDivisionRandomizer","decl":{"start":{"line":7,"column":16},"end":{"line":7,"column":43}},"loc":{"start":{"line":7,"column":91},"end":{"line":93,"column":1}},"line":7}},"branchMap":{"0":{"loc":{"start":{"line":13,"column":4},"end":{"line":13,"column":86}},"type":"cond-expr","locations":[{"start":{"line":13,"column":33},"end":{"line":13,"column":57}},{"start":{"line":13,"column":60},"end":{"line":13,"column":86}}],"line":13},"1":{"loc":{"start":{"line":15,"column":4},"end":{"line":17,"column":5}},"type":"if","locations":[{"start":{"line":15,"column":4},"end":{"line":17,"column":5}},{"start":{"line":15,"column":4},"end":{"line":17,"column":5}}],"line":15},"2":{"loc":{"start":{"line":15,"column":7},"end":{"line":15,"column":44}},"type":"binary-expr","locations":[{"start":{"line":15,"column":7},"end":{"line":15,"column":23}},{"start":{"line":15,"column":27},"end":{"line":15,"column":44}}],"line":15},"3":{"loc":{"start":{"line":19,"column":4},"end":{"line":90,"column":5}},"type":"if","locations":[{"start":{"line":19,"column":4},"end":{"line":90,"column":5}},{"start":{"line":19,"column":4},"end":{"line":90,"column":5}}],"line":19},"4":{"loc":{"start":{"line":45,"column":12},"end":{"line":45,"column":46}},"type":"if","locations":[{"start":{"line":45,"column":12},"end":{"line":45,"column":46}},{"start":{"line":45,"column":12},"end":{"line":45,"column":46}}],"line":45},"5":{"loc":{"start":{"line":79,"column":12},"end":{"line":79,"column":49}},"type":"if","locations":[{"start":{"line":79,"column":12},"end":{"line":79,"column":49}},{"start":{"line":79,"column":12},"end":{"line":79,"column":49}}],"line":79}},"s":{"0":0,"1":0,"2":0,"3":0,"4":0,"5":0,"6":0,"7":0,"8":0,"9":0,"10":0,"11":0,"12":0,"13":0,"14":0,"15":0,"16":0,"17":0,"18":0,"19":0,"20":0,"21":0,"22":0,"23":0,"24":0,"25":0,"26":0,"27":0,"28":0,"29":0,"30":0,"31":0,"32":0,"33":0,"34":0,"35":0,"36":0,"37":0,"38":0,"39":0,"40":0,"41":0,"42":0,"43":0,"44":0,"45":0,"46":0,"47":0,"48":0,"49":0,"50":0,"51":0},"f":{"0":0,"1":0},"b":{"0":[0,0],"1":[0,0],"2":[0,0],"3":[0,0],"4":[0,0],"5":[0,0]},"_coverageSchema":"43e27e138ebf9cfc5966b082cf9a028302ed4184","hash":"aa775cadcf7f9d3a67f6da18aa27e3057cb384c1"}
,"/Users/mital/Documents/Programming/Github/visualizers/src/Pathfinding/Mazes/RecusiveDivision copy.js": {"path":"/Users/mital/Documents/Programming/Github/visualizers/src/Pathfinding/Mazes/RecusiveDivision copy.js","statementMap":{"0":{"start":{"line":2,"column":18},"end":{"line":2,"column":70}},"1":{"start":{"line":3,"column":4},"end":{"line":3,"column":19}},"2":{"start":{"line":9,"column":18},"end":{"line":9,"column":20}},"3":{"start":{"line":11,"column":22},"end":{"line":11,"column":45}},"4":{"start":{"line":12,"column":23},"end":{"line":12,"column":48}},"5":{"start":{"line":13,"column":4},"end":{"line":13,"column":87}},"6":{"start":{"line":16,"column":4},"end":{"line":18,"column":5}},"7":{"start":{"line":17,"column":8},"end":{"line":17,"column":23}},"8":{"start":{"line":20,"column":4},"end":{"line":100,"column":5}},"9":{"start":{"line":21,"column":30},"end":{"line":21,"column":32}},"10":{"start":{"line":22,"column":23},"end":{"line":22,"column":25}},"11":{"start":{"line":28,"column":8},"end":{"line":30,"column":9}},"12":{"start":{"line":28,"column":20},"end":{"line":28,"column":28}},"13":{"start":{"line":29,"column":12},"end":{"line":29,"column":36}},"14":{"start":{"line":31,"column":8},"end":{"line":33,"column":9}},"15":{"start":{"line":31,"column":20},"end":{"line":31,"column":29}},"16":{"start":{"line":32,"column":12},"end":{"line":32,"column":29}},"17":{"start":{"line":34,"column":8},"end":{"line":34,"column":31}},"18":{"start":{"line":35,"column":8},"end":{"line":35,"column":29}},"19":{"start":{"line":37,"column":8},"end":{"line":37,"column":86}},"20":{"start":{"line":38,"column":8},"end":{"line":38,"column":76}},"21":{"start":{"line":40,"column":8},"end":{"line":40,"column":60}},"22":{"start":{"line":41,"column":8},"end":{"line":41,"column":47}},"23":{"start":{"line":43,"column":28},"end":{"line":43,"column":37}},"24":{"start":{"line":44,"column":28},"end":{"line":44,"column":37}},"25":{"start":{"line":46,"column":8},"end":{"line":54,"column":9}},"26":{"start":{"line":46,"column":20},"end":{"line":46,"column":33}},"27":{"start":{"line":47,"column":12},"end":{"line":47,"column":46}},"28":{"start":{"line":47,"column":36},"end":{"line":47,"column":44}},"29":{"start":{"line":48,"column":12},"end":{"line":53,"column":14}},"30":{"start":{"line":56,"column":8},"end":{"line":56,"column":111}},"31":{"start":{"line":57,"column":8},"end":{"line":57,"column":110}},"32":{"start":{"line":60,"column":27},"end":{"line":60,"column":29}},"33":{"start":{"line":61,"column":26},"end":{"line":61,"column":28}},"34":{"start":{"line":67,"column":8},"end":{"line":69,"column":9}},"35":{"start":{"line":67,"column":20},"end":{"line":67,"column":29}},"36":{"start":{"line":68,"column":12},"end":{"line":68,"column":33}},"37":{"start":{"line":71,"column":8},"end":{"line":73,"column":9}},"38":{"start":{"line":71,"column":20},"end":{"line":71,"column":28}},"39":{"start":{"line":72,"column":12},"end":{"line":72,"column":32}},"40":{"start":{"line":74,"column":8},"end":{"line":74,"column":33}},"41":{"start":{"line":75,"column":8},"end":{"line":75,"column":32}},"42":{"start":{"line":77,"column":8},"end":{"line":77,"column":80}},"43":{"start":{"line":78,"column":8},"end":{"line":78,"column":82}},"44":{"start":{"line":80,"column":8},"end":{"line":80,"column":51}},"45":{"start":{"line":81,"column":8},"end":{"line":81,"column":55}},"46":{"start":{"line":83,"column":27},"end":{"line":83,"column":35}},"47":{"start":{"line":84,"column":27},"end":{"line":84,"column":35}},"48":{"start":{"line":87,"column":8},"end":{"line":95,"column":9}},"49":{"start":{"line":87,"column":20},"end":{"line":87,"column":32}},"50":{"start":{"line":88,"column":12},"end":{"line":88,"column":49}},"51":{"start":{"line":88,"column":39},"end":{"line":88,"column":47}},"52":{"start":{"line":89,"column":12},"end":{"line":94,"column":14}},"53":{"start":{"line":97,"column":8},"end":{"line":97,"column":107}},"54":{"start":{"line":98,"column":8},"end":{"line":98,"column":106}},"55":{"start":{"line":102,"column":4},"end":{"line":102,"column":19}},"56":{"start":{"line":125,"column":4},"end":{"line":133,"column":5}},"57":{"start":{"line":126,"column":8},"end":{"line":126,"column":16}},"58":{"start":{"line":127,"column":11},"end":{"line":133,"column":5}},"59":{"start":{"line":128,"column":8},"end":{"line":128,"column":16}},"60":{"start":{"line":131,"column":8},"end":{"line":131,"column":53}},"61":{"start":{"line":132,"column":8},"end":{"line":132,"column":21}}},"fnMap":{"0":{"name":"recursiveDivisionMaze","decl":{"start":{"line":1,"column":16},"end":{"line":1,"column":37}},"loc":{"start":{"line":1,"column":58},"end":{"line":4,"column":1}},"line":1},"1":{"name":"recursiveDivision","decl":{"start":{"line":7,"column":16},"end":{"line":7,"column":33}},"loc":{"start":{"line":7,"column":81},"end":{"line":103,"column":1}},"line":7},"2":{"name":"chooseOrientation","decl":{"start":{"line":124,"column":9},"end":{"line":124,"column":26}},"loc":{"start":{"line":124,"column":42},"end":{"line":134,"column":1}},"line":124}},"branchMap":{"0":{"loc":{"start":{"line":13,"column":4},"end":{"line":13,"column":86}},"type":"cond-expr","locations":[{"start":{"line":13,"column":33},"end":{"line":13,"column":57}},{"start":{"line":13,"column":60},"end":{"line":13,"column":86}}],"line":13},"1":{"loc":{"start":{"line":16,"column":4},"end":{"line":18,"column":5}},"type":"if","locations":[{"start":{"line":16,"column":4},"end":{"line":18,"column":5}},{"start":{"line":16,"column":4},"end":{"line":18,"column":5}}],"line":16},"2":{"loc":{"start":{"line":16,"column":7},"end":{"line":16,"column":44}},"type":"binary-expr","locations":[{"start":{"line":16,"column":7},"end":{"line":16,"column":23}},{"start":{"line":16,"column":27},"end":{"line":16,"column":44}}],"line":16},"3":{"loc":{"start":{"line":20,"column":4},"end":{"line":100,"column":5}},"type":"if","locations":[{"start":{"line":20,"column":4},"end":{"line":100,"column":5}},{"start":{"line":20,"column":4},"end":{"line":100,"column":5}}],"line":20},"4":{"loc":{"start":{"line":47,"column":12},"end":{"line":47,"column":46}},"type":"if","locations":[{"start":{"line":47,"column":12},"end":{"line":47,"column":46}},{"start":{"line":47,"column":12},"end":{"line":47,"column":46}}],"line":47},"5":{"loc":{"start":{"line":88,"column":12},"end":{"line":88,"column":49}},"type":"if","locations":[{"start":{"line":88,"column":12},"end":{"line":88,"column":49}},{"start":{"line":88,"column":12},"end":{"line":88,"column":49}}],"line":88},"6":{"loc":{"start":{"line":125,"column":4},"end":{"line":133,"column":5}},"type":"if","locations":[{"start":{"line":125,"column":4},"end":{"line":133,"column":5}},{"start":{"line":125,"column":4},"end":{"line":133,"column":5}}],"line":125},"7":{"loc":{"start":{"line":127,"column":11},"end":{"line":133,"column":5}},"type":"if","locations":[{"start":{"line":127,"column":11},"end":{"line":133,"column":5}},{"start":{"line":127,"column":11},"end":{"line":133,"column":5}}],"line":127},"8":{"loc":{"start":{"line":131,"column":8},"end":{"line":131,"column":52}},"type":"cond-expr","locations":[{"start":{"line":131,"column":31},"end":{"line":131,"column":40}},{"start":{"line":131,"column":43},"end":{"line":131,"column":52}}],"line":131}},"s":{"0":0,"1":0,"2":0,"3":0,"4":0,"5":0,"6":0,"7":0,"8":0,"9":0,"10":0,"11":0,"12":0,"13":0,"14":0,"15":0,"16":0,"17":0,"18":0,"19":0,"20":0,"21":0,"22":0,"23":0,"24":0,"25":0,"26":0,"27":0,"28":0,"29":0,"30":0,"31":0,"32":0,"33":0,"34":0,"35":0,"36":0,"37":0,"38":0,"39":0,"40":0,"41":0,"42":0,"43":0,"44":0,"45":0,"46":0,"47":0,"48":0,"49":0,"50":0,"51":0,"52":0,"53":0,"54":0,"55":0,"56":0,"57":0,"58":0,"59":0,"60":0,"61":0},"f":{"0":0,"1":0,"2":0},"b":{"0":[0,0],"1":[0,0],"2":[0,0],"3":[0,0],"4":[0,0],"5":[0,0],"6":[0,0],"7":[0,0],"8":[0,0]},"hash":"c4de28fac9cd798525b2d55e6d760bcd561d9320"}
,"/Users/mital/Documents/Programming/Github/visualizers/src/Pathfinding/Mazes/RecusiveDivision.js": {"path":"/Users/mital/Documents/Programming/Github/visualizers/src/Pathfinding/Mazes/RecusiveDivision.js","statementMap":{"0":{"start":{"line":6,"column":18},"end":{"line":6,"column":64}},"1":{"start":{"line":8,"column":4},"end":{"line":8,"column":19}},"2":{"start":{"line":14,"column":18},"end":{"line":14,"column":20}},"3":{"start":{"line":16,"column":22},"end":{"line":16,"column":39}},"4":{"start":{"line":17,"column":23},"end":{"line":17,"column":40}},"5":{"start":{"line":18,"column":4},"end":{"line":18,"column":42}},"6":{"start":{"line":19,"column":4},"end":{"line":19,"column":87}},"7":{"start":{"line":20,"column":4},"end":{"line":20,"column":28}},"8":{"start":{"line":22,"column":4},"end":{"line":24,"column":5}},"9":{"start":{"line":23,"column":8},"end":{"line":23,"column":23}},"10":{"start":{"line":26,"column":4},"end":{"line":28,"column":5}},"11":{"start":{"line":27,"column":8},"end":{"line":27,"column":23}},"12":{"start":{"line":31,"column":4},"end":{"line":116,"column":5}},"13":{"start":{"line":32,"column":8},"end":{"line":32,"column":44}},"14":{"start":{"line":33,"column":28},"end":{"line":33,"column":30}},"15":{"start":{"line":34,"column":31},"end":{"line":34,"column":33}},"16":{"start":{"line":38,"column":8},"end":{"line":40,"column":9}},"17":{"start":{"line":38,"column":20},"end":{"line":38,"column":27}},"18":{"start":{"line":39,"column":12},"end":{"line":39,"column":34}},"19":{"start":{"line":43,"column":8},"end":{"line":45,"column":9}},"20":{"start":{"line":43,"column":20},"end":{"line":43,"column":27}},"21":{"start":{"line":44,"column":12},"end":{"line":44,"column":37}},"22":{"start":{"line":47,"column":8},"end":{"line":47,"column":43}},"23":{"start":{"line":48,"column":8},"end":{"line":48,"column":46}},"24":{"start":{"line":49,"column":8},"end":{"line":49,"column":44}},"25":{"start":{"line":51,"column":8},"end":{"line":51,"column":97}},"26":{"start":{"line":52,"column":8},"end":{"line":52,"column":91}},"27":{"start":{"line":54,"column":8},"end":{"line":54,"column":48}},"28":{"start":{"line":55,"column":8},"end":{"line":55,"column":51}},"29":{"start":{"line":57,"column":8},"end":{"line":64,"column":9}},"30":{"start":{"line":57,"column":20},"end":{"line":57,"column":27}},"31":{"start":{"line":58,"column":12},"end":{"line":58,"column":44}},"32":{"start":{"line":58,"column":34},"end":{"line":58,"column":42}},"33":{"start":{"line":59,"column":12},"end":{"line":63,"column":14}},"34":{"start":{"line":73,"column":8},"end":{"line":73,"column":46}},"35":{"start":{"line":74,"column":28},"end":{"line":74,"column":30}},"36":{"start":{"line":75,"column":31},"end":{"line":75,"column":33}},"37":{"start":{"line":80,"column":8},"end":{"line":82,"column":9}},"38":{"start":{"line":80,"column":20},"end":{"line":80,"column":27}},"39":{"start":{"line":81,"column":12},"end":{"line":81,"column":37}},"40":{"start":{"line":85,"column":8},"end":{"line":87,"column":9}},"41":{"start":{"line":85,"column":20},"end":{"line":85,"column":27}},"42":{"start":{"line":86,"column":12},"end":{"line":86,"column":34}},"43":{"start":{"line":89,"column":8},"end":{"line":89,"column":43}},"44":{"start":{"line":90,"column":8},"end":{"line":90,"column":46}},"45":{"start":{"line":91,"column":8},"end":{"line":91,"column":44}},"46":{"start":{"line":93,"column":8},"end":{"line":93,"column":94}},"47":{"start":{"line":94,"column":8},"end":{"line":94,"column":94}},"48":{"start":{"line":96,"column":8},"end":{"line":96,"column":48}},"49":{"start":{"line":97,"column":8},"end":{"line":97,"column":51}},"50":{"start":{"line":99,"column":8},"end":{"line":106,"column":9}},"51":{"start":{"line":99,"column":20},"end":{"line":99,"column":27}},"52":{"start":{"line":100,"column":12},"end":{"line":100,"column":47}},"53":{"start":{"line":100,"column":37},"end":{"line":100,"column":45}},"54":{"start":{"line":101,"column":12},"end":{"line":105,"column":14}},"55":{"start":{"line":117,"column":4},"end":{"line":117,"column":19}}},"fnMap":{"0":{"name":"recursiveDivisionMaze","decl":{"start":{"line":4,"column":16},"end":{"line":4,"column":37}},"loc":{"start":{"line":4,"column":52},"end":{"line":9,"column":1}},"line":4},"1":{"name":"recursiveDivision","decl":{"start":{"line":13,"column":16},"end":{"line":13,"column":33}},"loc":{"start":{"line":13,"column":69},"end":{"line":119,"column":1}},"line":13}},"branchMap":{"0":{"loc":{"start":{"line":19,"column":4},"end":{"line":19,"column":86}},"type":"cond-expr","locations":[{"start":{"line":19,"column":33},"end":{"line":19,"column":57}},{"start":{"line":19,"column":60},"end":{"line":19,"column":86}}],"line":19},"1":{"loc":{"start":{"line":22,"column":4},"end":{"line":24,"column":5}},"type":"if","locations":[{"start":{"line":22,"column":4},"end":{"line":24,"column":5}},{"start":{"line":22,"column":4},"end":{"line":24,"column":5}}],"line":22},"2":{"loc":{"start":{"line":22,"column":7},"end":{"line":22,"column":44}},"type":"binary-expr","locations":[{"start":{"line":22,"column":7},"end":{"line":22,"column":24}},{"start":{"line":22,"column":27},"end":{"line":22,"column":44}}],"line":22},"3":{"loc":{"start":{"line":26,"column":4},"end":{"line":28,"column":5}},"type":"if","locations":[{"start":{"line":26,"column":4},"end":{"line":28,"column":5}},{"start":{"line":26,"column":4},"end":{"line":28,"column":5}}],"line":26},"4":{"loc":{"start":{"line":26,"column":7},"end":{"line":26,"column":44}},"type":"binary-expr","locations":[{"start":{"line":26,"column":7},"end":{"line":26,"column":23}},{"start":{"line":26,"column":27},"end":{"line":26,"column":44}}],"line":26},"5":{"loc":{"start":{"line":31,"column":4},"end":{"line":116,"column":5}},"type":"if","locations":[{"start":{"line":31,"column":4},"end":{"line":116,"column":5}},{"start":{"line":31,"column":4},"end":{"line":116,"column":5}}],"line":31},"6":{"loc":{"start":{"line":58,"column":12},"end":{"line":58,"column":44}},"type":"if","locations":[{"start":{"line":58,"column":12},"end":{"line":58,"column":44}},{"start":{"line":58,"column":12},"end":{"line":58,"column":44}}],"line":58},"7":{"loc":{"start":{"line":100,"column":12},"end":{"line":100,"column":47}},"type":"if","locations":[{"start":{"line":100,"column":12},"end":{"line":100,"column":47}},{"start":{"line":100,"column":12},"end":{"line":100,"column":47}}],"line":100}},"s":{"0":0,"1":0,"2":0,"3":0,"4":0,"5":0,"6":0,"7":0,"8":0,"9":0,"10":0,"11":0,"12":0,"13":0,"14":0,"15":0,"16":0,"17":0,"18":0,"19":0,"20":0,"21":0,"22":0,"23":0,"24":0,"25":0,"26":0,"27":0,"28":0,"29":0,"30":0,"31":0,"32":0,"33":0,"34":0,"35":0,"36":0,"37":0,"38":0,"39":0,"40":0,"41":0,"42":0,"43":0,"44":0,"45":0,"46":0,"47":0,"48":0,"49":0,"50":0,"51":0,"52":0,"53":0,"54":0,"55":0},"f":{"0":0,"1":0},"b":{"0":[0,0],"1":[0,0],"2":[0,0],"3":[0,0],"4":[0,0],"5":[0,0],"6":[0,0],"7":[0,0]},"_coverageSchema":"43e27e138ebf9cfc5966b082cf9a028302ed4184","hash":"dddb344329612069b653661f2b7a94ce2ad373de"}
}
